"C:/Development/VirtualAcres/Content/Farming_And_Mining/ThirdPersonBP/Mannequin/Character/Mesh/UE4_Mannequin_Skeleton.uasset" 0
"C:/Development/VirtualAcres/Content/Farming_And_Mining/Animations/Pick_Flipped_Anim.uasset" 1
"C:/Development/VirtualAcres/Content/Farming_And_Mining/Animations/Pick_Swing_High_Anim.uasset" 2
"C:/Development/VirtualAcres/Content/Farming_And_Mining/Animations/Pick_Swing_Low_Anim.uasset" 3
"C:/Development/VirtualAcres/Content/Farming_And_Mining/Animations/Pick_Swing_Med_Anim.uasset" 4
"C:/Development/VirtualAcres/Content/Farming_And_Mining/Animations/Pick_Swing_Heights_BS.uasset" 5
"C:/Development/VirtualAcres/Content/Farming_And_Mining/Animations/Shovel_Action1_Anim.uasset" 6
"C:/Development/VirtualAcres/Content/Farming_And_Mining/Animations/Shovel_Action2_Anim.uasset" 7
"C:/Development/VirtualAcres/Content/Farming_And_Mining/Animations/Shovel_Start_Anim.uasset" 8
"C:/Development/VirtualAcres/Content/Farming_And_Mining/Animations/shovel_relax_2_Anim.uasset" 9
"C:/Development/VirtualAcres/Content/Farming_And_Mining/Animations/Shovel_Relax_Anim.uasset" 10
"C:/Development/VirtualAcres/Content/Farming_And_Mining/Animations/Alternate_Idle_Pose_Anims/Shovel_AlternateMontage.uasset" 11
"C:/Development/VirtualAcres/Content/Farming_And_Mining/Animations/Farming_Mannequin_T_Pose/Farming_Mannequin_SK_T_Pose_Anim.uasset" 12
"C:/Development/VirtualAcres/Content/Farming_And_Mining/Textures/Shovel_Mask.uasset" 13
"C:/Development/VirtualAcres/Content/Farming_And_Mining/Textures/Shovel_Old_N.uasset" 14
"C:/Development/VirtualAcres/Content/Farming_And_Mining/Textures/Shovel_Old_MRA.uasset" 15
"C:/Development/VirtualAcres/Content/Farming_And_Mining/Textures/Shovel_Old_Color.uasset" 16
"C:/Development/VirtualAcres/Content/Farming_And_Mining/Materials/Tools_Recolor_Master_M.uasset" 17
"C:/Development/VirtualAcres/Content/Farming_And_Mining/ThirdPersonBP/Mannequin/Character/Mesh/SK_Mannequin_PhysicsAsset.uasset" 18
"C:/Development/VirtualAcres/Content/Farming_And_Mining/ThirdPersonBP/Mannequin/Character/Textures/UE4Man_Logo_N.uasset" 19
"C:/Development/VirtualAcres/Content/Farming_And_Mining/ThirdPersonBP/Mannequin/Character/Textures/UE4_Mannequin_MAT_MASKA.uasset" 20
"C:/Development/VirtualAcres/Content/Farming_And_Mining/ThirdPersonBP/Mannequin/Character/Textures/UE4_Mannequin__normals.uasset" 21
"C:/Development/VirtualAcres/Content/Farming_And_Mining/ThirdPersonBP/Mannequin/Character/Materials/MaterialLayers/T_ML_Aluminum01_N.uasset" 22
"C:/Development/VirtualAcres/Content/Farming_And_Mining/ThirdPersonBP/Mannequin/Character/Materials/MaterialLayers/T_ML_Aluminum01.uasset" 23
"C:/Development/VirtualAcres/Content/Farming_And_Mining/ThirdPersonBP/Mannequin/Character/Materials/MaterialLayers/ML_SoftMetal_UE4.uasset" 24
"C:/Development/VirtualAcres/Content/Farming_And_Mining/ThirdPersonBP/Mannequin/Character/Textures/UE4_LOGO_CARD.uasset" 25
"C:/Development/VirtualAcres/Content/Farming_And_Mining/ThirdPersonBP/Mannequin/Character/Materials/MaterialLayers/ML_Plastic_Shiny_Beige_LOGO.uasset" 26
"C:/Development/VirtualAcres/Content/Farming_And_Mining/ThirdPersonBP/Mannequin/Character/Materials/MaterialLayers/ML_Plastic_Shiny_Beige.uasset" 27
"C:/Development/VirtualAcres/Content/Farming_And_Mining/ThirdPersonBP/Mannequin/Character/Materials/MaterialLayers/T_ML_Rubber_Blue_01_N.uasset" 28
"C:/Development/VirtualAcres/Content/Farming_And_Mining/ThirdPersonBP/Mannequin/Character/Materials/MaterialLayers/T_ML_Rubber_Blue_01_D.uasset" 29
"C:/Development/VirtualAcres/Content/Farming_And_Mining/ThirdPersonBP/Mannequin/Character/Materials/MaterialLayers/ML_GlossyBlack_Latex_UE4.uasset" 30
"../../../Engine/Content/Functions/MaterialLayerFunctions/MatLayerBlend_Simple.uasset" 31
"../../../Engine/Content/Functions/Engine_MaterialFunctions02/Utility/BlendAngleCorrectedNormals.uasset" 32
"../../../Engine/Content/Functions/MaterialLayerFunctions/MatLayerBlend_NormalBlend.uasset" 33
"C:/Development/VirtualAcres/Content/Farming_And_Mining/ThirdPersonBP/Mannequin/Character/Materials/M_UE4Man_Body.uasset" 34
"C:/Development/VirtualAcres/Content/Farming_And_Mining/ThirdPersonBP/Mannequin/Character/Materials/M_UE4Man_ChestLogo.uasset" 35
"C:/Development/VirtualAcres/Content/Farming_And_Mining/Meshes/Farming_Mannequin_SK.uasset" 36
"C:/Development/VirtualAcres/Content/Farming_And_Mining/Meshes/Mannequin_SK.uasset" 37
"C:/Development/VirtualAcres/Content/Farming_And_Mining/ThirdPersonBP/Mannequin/Animations/ThirdPersonJump_End.uasset" 38
"C:/Development/VirtualAcres/Content/Farming_And_Mining/ThirdPersonBP/Mannequin/Character/Mesh/SK_Mannequin.uasset" 39
"C:/Development/VirtualAcres/Content/Farming_And_Mining/ThirdPersonBP/Mannequin/Character/Mesh/SK_Mannequin_Anim.uasset" 40
"../../../Engine/Content/EngineMeshes/Humanoid.uasset" 41
"C:/Development/VirtualAcres/Content/Mannequin/Character/Mesh/UE4_Mannequin_Skeleton.uasset" 42
"C:/Development/VirtualAcres/Content/Mannequin/Animations/ThirdPersonJump_End.uasset" 43
"../../../Engine/Content/EditorBlueprintResources/StandardMacros.uasset" 44
"C:/Development/VirtualAcres/Content/Mannequin/Animations/ThirdPersonWalk.uasset" 45
"C:/Development/VirtualAcres/Content/Mannequin/Animations/ThirdPersonRun.uasset" 46
"C:/Development/VirtualAcres/Content/Mannequin/Animations/ThirdPersonIdle.uasset" 47
"C:/Development/VirtualAcres/Content/Mannequin/Animations/ThirdPerson_IdleRun_2D.uasset" 48
"C:/Development/VirtualAcres/Content/Mannequin/Animations/ThirdPerson_Jump.uasset" 49
"C:/Development/VirtualAcres/Content/Mannequin/Animations/ThirdPersonJump_Start.uasset" 50
"C:/Development/VirtualAcres/Content/Mannequin/Animations/ThirdPersonJump_Loop.uasset" 51
"C:/Development/VirtualAcres/Content/Mannequin/Animations/ThirdPerson_AnimBP.uasset" 52
"C:/Development/VirtualAcres/Content/Mannequin/Character/Mesh/SK_Mannequin_PhysicsAsset.uasset" 53
"C:/Development/VirtualAcres/Content/Mannequin/Character/Textures/UE4Man_Logo_N.uasset" 54
"C:/Development/VirtualAcres/Content/Mannequin/Character/Textures/UE4_Mannequin_MAT_MASKA.uasset" 55
"C:/Development/VirtualAcres/Content/Mannequin/Character/Textures/UE4_Mannequin__normals.uasset" 56
"C:/Development/VirtualAcres/Content/Mannequin/Character/Materials/MaterialLayers/T_ML_Aluminum01_N.uasset" 57
"C:/Development/VirtualAcres/Content/Mannequin/Character/Materials/MaterialLayers/T_ML_Aluminum01.uasset" 58
"C:/Development/VirtualAcres/Content/Mannequin/Character/Materials/MaterialLayers/ML_SoftMetal_UE4.uasset" 59
"C:/Development/VirtualAcres/Content/Mannequin/Character/Textures/UE4_LOGO_CARD.uasset" 60
"C:/Development/VirtualAcres/Content/Mannequin/Character/Materials/MaterialLayers/ML_Plastic_Shiny_Beige_LOGO.uasset" 61
"C:/Development/VirtualAcres/Content/Mannequin/Character/Materials/MaterialLayers/ML_Plastic_Shiny_Beige.uasset" 62
"C:/Development/VirtualAcres/Content/Mannequin/Character/Materials/MaterialLayers/T_ML_Rubber_Blue_01_N.uasset" 63
"C:/Development/VirtualAcres/Content/Mannequin/Character/Materials/MaterialLayers/T_ML_Rubber_Blue_01_D.uasset" 64
"C:/Development/VirtualAcres/Content/Mannequin/Character/Materials/MaterialLayers/ML_GlossyBlack_Latex_UE4.uasset" 65
"C:/Development/VirtualAcres/Content/Mannequin/Character/Materials/M_UE4Man_Body.uasset" 66
"C:/Development/VirtualAcres/Content/Mannequin/Character/Materials/M_UE4Man_ChestLogo.uasset" 67
"C:/Development/VirtualAcres/Content/Mannequin/Character/Mesh/SK_Mannequin.uasset" 68
"C:/Development/VirtualAcres/Content/PolygonFarm/Textures/T_PolygonFarm_01_B.uasset" 69
"C:/Development/VirtualAcres/Content/PolygonFarm/Materials/Alternates/Mat_PolygonFarm_01_B.uasset" 70
"C:/Development/VirtualAcres/Content/PolygonFarm/Textures/T_PolygonFarm_01_C.uasset" 71
"C:/Development/VirtualAcres/Content/PolygonFarm/Materials/Alternates/Mat_PolygonFarm_01_C.uasset" 72
"C:/Development/VirtualAcres/Content/PolygonFarm/Textures/T_PolygonFarm_02_B.uasset" 73
"C:/Development/VirtualAcres/Content/PolygonFarm/Materials/Alternates/Mat_PolygonFarm_02_B.uasset" 74
"C:/Development/VirtualAcres/Content/PolygonFarm/Textures/T_PolygonFarm_02_C.uasset" 75
"C:/Development/VirtualAcres/Content/PolygonFarm/Materials/Alternates/Mat_PolygonFarm_02_C.uasset" 76
"C:/Development/VirtualAcres/Content/PolygonFarm/Textures/T_PolygonFarm_03_B.uasset" 77
"C:/Development/VirtualAcres/Content/PolygonFarm/Materials/Alternates/Mat_PolygonFarm_03_B.uasset" 78
"C:/Development/VirtualAcres/Content/PolygonFarm/Textures/T_PolygonFarm_03_C.uasset" 79
"C:/Development/VirtualAcres/Content/PolygonFarm/Materials/Alternates/Mat_PolygonFarm_03_C.uasset" 80
"C:/Development/VirtualAcres/Content/PolygonFarm/Textures/T_PolygonFarm_04_B.uasset" 81
"C:/Development/VirtualAcres/Content/PolygonFarm/Materials/Alternates/Mat_PolygonFarm_04_B.uasset" 82
"C:/Development/VirtualAcres/Content/PolygonFarm/Textures/T_PolygonFarm_04_C.uasset" 83
"C:/Development/VirtualAcres/Content/PolygonFarm/Materials/Alternates/Mat_PolygonFarm_04_C.uasset" 84
"../../../Engine/Content/EngineMaterials/T_Default_Material_Grid_N.uasset" 85
"../../../Engine/Content/EngineMaterials/T_Default_Material_Grid_M.uasset" 86
"../../../Engine/Content/Functions/Engine_MaterialFunctions01/Opacity/CameraDepthFade.uasset" 87
"../../../Engine/Content/EngineMaterials/WorldGridMaterial.uasset" 88
"C:/Development/VirtualAcres/Content/PolygonFarm/Meshes/FX/FX_Plane.uasset" 89
"C:/Development/VirtualAcres/Content/PolygonFarm/Textures/T_PolygonFarm_Circle.uasset" 90
"../../../Engine/Content/Animation/DefaultAnimCurveCompressionSettings.uasset" 91
"../../../Engine/Content/Animation/DefaultAnimBoneCompressionSettings.uasset" 92
"C:/Development/VirtualAcres/Content/PolygonFarm/Meshes/Characters/SK_Chr_Scarecrow_01_Skeleton.uasset" 93
"C:/Development/VirtualAcres/Content/PolygonFarm/Meshes/Characters/Animations/ThirdPersonWalk.uasset" 94
"C:/Development/VirtualAcres/Content/PolygonFarm/Meshes/Characters/Animations/ThirdPersonRun.uasset" 95
"C:/Development/VirtualAcres/Content/PolygonFarm/Meshes/Characters/Animations/ThirdPersonIdle.uasset" 96
"C:/Development/VirtualAcres/Content/PolygonFarm/Meshes/Characters/Animations/ThirdPerson_IdleRun_2D.uasset" 97
"C:/Development/VirtualAcres/Content/PolygonFarm/Meshes/Characters/Animations/ThirdPerson_Jump.uasset" 98
"C:/Development/VirtualAcres/Content/PolygonFarm/Meshes/Characters/Animations/ThirdPersonJump_Start.uasset" 99
"C:/Development/VirtualAcres/Content/PolygonFarm/Meshes/Characters/Animations/ThirdPersonJump_Loop.uasset" 100
"C:/Development/VirtualAcres/Content/PolygonFarm/Meshes/Characters/Animations/ThirdPerson_AnimBP.uasset" 101
"C:/Development/VirtualAcres/Content/PolygonFarm/Meshes/Characters/SK_Chr_Scarecrow_01_PhysicsAsset.uasset" 102
"C:/Development/VirtualAcres/Content/PolygonFarm/Textures/T_PolygonFarm_01_A.uasset" 103
"C:/Development/VirtualAcres/Content/PolygonFarm/Materials/Mat_PolygonFarm_01_A.uasset" 104
"C:/Development/VirtualAcres/Content/PolygonFarm/Meshes/Characters/SK_Chr_Farmer_Male_01.uasset" 105
"C:/Development/VirtualAcres/Content/_Blueprints/PlayerCharacter.uasset" 106
"../../../Engine/Content/ArtTools/RenderToTexture/Meshes/S_1_Unit_Plane.uasset" 107
"../../../Engine/Content/EngineMaterials/DefaultMaterial.uasset" 108
"../../../Engine/Content/BasicShapes/Cone.uasset" 109
"../../../Engine/Content/BasicShapes/Plane.uasset" 110
"../../../Engine/Content/BasicShapes/Sphere.uasset" 111
"../../../Engine/Content/EditorLandscapeResources/DataLayer.uasset" 112
"../../../Engine/Content/EditorLandscapeResources/DefaultAlphaTexture.uasset" 113
"../../../Engine/Content/EditorMaterials/MAT_Groups_Toggle.uasset" 114
"../../../Engine/Content/EditorMaterials/MAT_Groups_Visibility.uasset" 115
"../../../Engine/Content/EditorMaterials/PreviewShadowIndicator.uasset" 116
"../../../Engine/Content/EditorMaterials/PreviewShadowIndicatorMaterial.uasset" 117
"../../../Engine/Content/EditorMaterials/MatineeGroups/MAT_ColorTrack.uasset" 118
"../../../Engine/Content/EditorMaterials/MatineeGroups/MAT_Groups_Anim.uasset" 119
"../../../Engine/Content/EditorMaterials/MatineeGroups/MAT_Groups_AudioMaster.uasset" 120
"../../../Engine/Content/EditorMaterials/MatineeGroups/MAT_Groups_Director.uasset" 121
"../../../Engine/Content/EditorMaterials/MatineeGroups/MAT_Groups_Event.uasset" 122
"../../../Engine/Content/EditorMaterials/MatineeGroups/MAT_Groups_Fade.uasset" 123
"../../../Engine/Content/EditorMaterials/MatineeGroups/MAT_Groups_Float.uasset" 124
"../../../Engine/Content/EditorMaterials/MatineeGroups/MAT_Groups_Move.uasset" 125
"../../../Engine/Content/EditorMaterials/MatineeGroups/MAT_Groups_Slomo.uasset" 126
"../../../Engine/Content/EditorMaterials/MatineeGroups/MAT_Groups_Sound.uasset" 127
"../../../Engine/Content/EditorMaterials/MatineeGroups/MAT_Groups_Vector.uasset" 128
"../../../Engine/Content/EditorMaterials/ParticleSystems/PSysThumbnail_NoImage.uasset" 129
"../../../Engine/Content/EditorMaterials/ParticleSystems/PSysThumbnail_OOD.uasset" 130
"../../../Engine/Content/EditorMaterials/Camera/CineMat.uasset" 131
"../../../Engine/Content/EditorMaterials/Camera/MI_CineMat_Rig.uasset" 132
"../../../Engine/Content/EditorMeshes/Camera/SM_CraneRig_Arm.uasset" 133
"../../../Engine/Content/EditorMeshes/Camera/SM_CraneRig_Base.uasset" 134
"../../../Engine/Content/EditorMeshes/Camera/SM_CraneRig_Body.uasset" 135
"../../../Engine/Content/EditorMeshes/Camera/SM_CraneRig_Mount.uasset" 136
"../../../Engine/Content/EditorMeshes/Camera/SM_RailRig_Mount.uasset" 137
"../../../Engine/Content/EditorMeshes/Camera/SM_RailRig_Track.uasset" 138
"../../../Engine/Content/EditorResources/BSPVertex.uasset" 139
"../../../Engine/Content/EditorResources/EmptyActor.uasset" 140
"../../../Engine/Content/EditorResources/S_Actor.uasset" 141
"../../../Engine/Content/EditorResources/S_Note.uasset" 142
"../../../Engine/Content/EditorResources/S_Solver.uasset" 143
"../../../Engine/Content/EditorResources/S_Terrain.uasset" 144
"../../../Engine/Content/EditorResources/S_Trigger.uasset" 145
"../../../Engine/Content/EditorResources/LightIcons/S_LightError.uasset" 146
"../../../Engine/Content/EditorResources/SequenceRecorder/Countdown.uasset" 147
"../../../Engine/Content/EditorResources/SequenceRecorder/RecordingIndicator.uasset" 148
"../../../Engine/Content/EngineDamageTypes/DmgTypeBP_Environmental.uasset" 149
"../../../Engine/Content/EngineDebugMaterials/DebugEditorMaterial.uasset" 150
"../../../Engine/Content/EngineDebugMaterials/DebugMeshMaterial.uasset" 151
"../../../Engine/Content/EngineDebugMaterials/M_SimpleUnlitTranslucent.uasset" 152
"../../../Engine/Content/EngineDebugMaterials/VolumeToRender.uasset" 153
"../../../Engine/Content/Functions/Engine_MaterialFunctions02/Utility/CameraDirectionVector.uasset" 154
"../../../Engine/Content/EngineDebugMaterials/M_VolumeRenderSphereTracePP.uasset" 155
"../../../Engine/Content/Functions/Engine_MaterialFunctions01/Shading/ConvertFromDiffSpec.uasset" 156
"../../../Engine/Content/EngineDebugMaterials/VertexColorMaterial.uasset" 157
"../../../Engine/Content/EngineDebugMaterials/WireframeMaterial.uasset" 158
"../../../Engine/Content/EngineFonts/Faces/RobotoRegular.uasset" 159
"../../../Engine/Content/EngineFonts/Faces/RobotoLight.uasset" 160
"../../../Engine/Content/EngineFonts/Faces/RobotoItalic.uasset" 161
"../../../Engine/Content/EngineFonts/Faces/RobotoBoldItalic.uasset" 162
"../../../Engine/Content/EngineFonts/Faces/RobotoBold.uasset" 163
"../../../Engine/Content/EngineFonts/Faces/DroidSansFallback.uasset" 164
"../../../Engine/Content/EngineFonts/Roboto.uasset" 165
"../../../Engine/Content/EngineMaterials/BaseFlattenNormalMap.uasset" 166
"../../../Engine/Content/EngineMaterials/BaseFlattenGrayscaleMap.uasset" 167
"../../../Engine/Content/EngineMaterials/BaseFlattenEmissiveMap.uasset" 168
"../../../Engine/Content/EngineMaterials/BaseFlattenDiffuseMap.uasset" 169
"../../../Engine/Content/EngineMaterials/BaseFlattenMaterial.uasset" 170
"../../../Engine/Content/EngineMaterials/BlueNoise.uasset" 171
"../../../Engine/Content/EngineMaterials/DefaultBloomKernel.uasset" 172
"../../../Engine/Content/EngineMaterials/DefaultBokeh.uasset" 173
"../../../Engine/Content/EngineMaterials/DefaultDiffuse.uasset" 174
"../../../Engine/Content/EngineMaterials/DefaultDeferredDecalMaterial.uasset" 175
"../../../Engine/Content/EngineMaterials/DefaultLightFunctionMaterial.uasset" 176
"../../../Engine/Content/EngineMaterials/DefaultPhysicalMaterial.uasset" 177
"../../../Engine/Content/Functions/Engine_MaterialFunctions02/Utility/BreakOutFloat2Components.uasset" 178
"../../../Engine/Content/EngineMaterials/DefaultPostProcessMaterial.uasset" 179
"../../../Engine/Content/EngineFonts/RobotoDistanceField.uasset" 180
"../../../Engine/Content/EngineMaterials/DefaultTextMaterialOpaque.uasset" 181
"../../../Engine/Content/EngineMaterials/DefaultWhiteGrid.uasset" 182
"../../../Engine/Content/EngineMaterials/DefaultWhiteGrid_Low.uasset" 183
"../../../Engine/Content/EngineMaterials/EmissiveMeshMaterial.uasset" 184
"../../../Engine/Content/EngineMaterials/GizmoMaterial.uasset" 185
"../../../Engine/Content/EngineMaterials/Good64x64TilingNoiseHighFreq.uasset" 186
"../../../Engine/Content/EngineMaterials/MiniFont.uasset" 187
"../../../Engine/Content/EngineMaterials/InvalidLightmapSettings.uasset" 188
"../../../Engine/Content/EngineMaterials/M_InvalidLightmapSettings.uasset" 189
"../../../Engine/Content/Functions/Engine_MaterialFunctions02/WorldPositionOffset/CameraOffset.uasset" 190
"../../../Engine/Content/EngineMaterials/PhAT_JointLimitMaterial.uasset" 191
"../../../Engine/Content/EngineMaterials/PreintegratedSkinBRDF.uasset" 192
"../../../Engine/Content/EngineMaterials/RemoveSurfaceMaterial.uasset" 193
"../../../Engine/Content/EngineMaterials/WeightMapPlaceholderTexture.uasset" 194
"../../../Engine/Content/EngineResources/WhiteSquareTexture.uasset" 195
"../../../Engine/Content/EngineMaterials/Widget3DPassThrough.uasset" 196
"../../../Engine/Content/EngineMaterials/Widget3DPassThrough_Masked.uasset" 197
"../../../Engine/Content/EngineMaterials/Widget3DPassThrough_Opaque.uasset" 198
"../../../Engine/Content/EngineMaterials/Widget3DPassThrough_Masked_OneSided.uasset" 199
"../../../Engine/Content/EngineMaterials/Widget3DPassThrough_Opaque_OneSided.uasset" 200
"../../../Engine/Content/EngineMaterials/Widget3DPassThrough_Translucent.uasset" 201
"../../../Engine/Content/EngineMaterials/Widget3DPassThrough_Translucent_OneSided.uasset" 202
"../../../Engine/Content/EngineMeshes/Cylinder.uasset" 203
"../../../Engine/Content/EngineMeshes/Sphere.uasset" 204
"../../../Engine/Content/EngineResources/Black.uasset" 205
"../../../Engine/Content/EngineResources/DefaultTextureCube.uasset" 206
"../../../Engine/Content/EngineResources/DefaultVolumeTexture2D.uasset" 207
"../../../Engine/Content/EngineResources/DefaultVolumeTexture.uasset" 208
"../../../Engine/Content/EngineResources/GradientTexture0.uasset" 209
"../../../Engine/Content/EngineSounds/Master.uasset" 210
"../../../Engine/Content/Functions/Engine_MaterialFunctions01/Shading/PowerToRoughness.uasset" 211
"../../../Engine/Content/Maps/Templates/Thumbnails/Default.uasset" 212
"../../../Engine/Content/Maps/Templates/Thumbnails/TimeOfDay.uasset" 213
"../../../Engine/Content/Maps/Templates/Thumbnails/VR-Basic.uasset" 214
"../../../Engine/Content/MobileResources/T_MobileControls_texture.uasset" 215
"../../../Engine/Content/MobileResources/T_MobileMenu2.uasset" 216
"../../../Engine/Content/MobileResources/HUD/AnalogHat.uasset" 217
"../../../Engine/Content/MobileResources/HUD/VirtualJoystick_Thumb.uasset" 218
"../../../Engine/Content/MobileResources/HUD/VirtualJoystick_Background.uasset" 219
"../../../Engine/Content/MobileResources/HUD/DefaultVirtualJoysticks.uasset" 220
"../../../Engine/Content/MobileResources/HUD/LeftVirtualJoystickOnly.uasset" 221
"../../../Engine/Content/MobileResources/HUD/MobileHUDButton1_off.uasset" 222
"../../../Engine/Content/MobileResources/HUD/MobileHUDButton1_on.uasset" 223
"../../../Engine/Content/MobileResources/HUD/MobileHUDButton2_off.uasset" 224
"../../../Engine/Content/MobileResources/HUD/MobileHUDButton2_on.uasset" 225
"../../../Engine/Content/MobileResources/HUD/MobileHUDButton3.uasset" 226
"../../../Engine/Content/MobileResources/HUD/MobileHUDButtonFire.uasset" 227
"../../../Engine/Content/MobileResources/HUD/MobileHUDDirectionPad.uasset" 228
"../../../Engine/Content/MobileResources/HUD/MobileHUDDirectionPad2.uasset" 229
"../../../Engine/Content/MobileResources/HUD/MobileHUDDirectionPad3.uasset" 230
"../../../Engine/Content/MobileResources/HUD/MobileHUDDirectionStick.uasset" 231
"../../../Engine/Content/MobileResources/HUD/T_Castle_ThumbstickInner.uasset" 232
"../../../Engine/Content/MobileResources/HUD/T_Castle_ThumbstickOutter.uasset" 233
"../../../Engine/Content/Tutorial/ContentIntroCurve.uasset" 234
"../../../Engine/Content/Tutorial/Basics/LevelEditorAttract.uasset" 235
"../../../Engine/Content/VREditor/TransformGizmo/TranslucentTransformGizmoMaterial.uasset" 236
"../../../Engine/Content/VREditor/LaserPointer/VR_LaserPower_01.uasset" 237
"../../../Engine/Content/VREditor/TransformGizmo/TransformGizmoMaterial.uasset" 238
"../../../Engine/Content/VREditor/TransformGizmo/BoundingBoxCorner.uasset" 239
"../../../Engine/Content/VREditor/TransformGizmo/BoundingBoxEdge.uasset" 240
"../../../Engine/Content/VREditor/TransformGizmo/PlaneTranslationHandle.uasset" 241
"../../../Engine/Content/VREditor/TransformGizmo/Xray.uasset" 242
"../../../Engine/Content/VREditor/TransformGizmo/Main.uasset" 243
"../../../Engine/Content/VREditor/TransformGizmo/SM_Sequencer_Key.uasset" 244
"../../../Engine/Content/VREditor/TransformGizmo/SM_Sequencer_Node.uasset" 245
"../../Plugins/2D/Paper2D/Content/PlaceholderTextures/DummySpriteTexture.uasset" 246
"../../Plugins/2D/Paper2D/Content/DummySprite.uasset" 247
"../../Plugins/2D/Paper2D/Content/DefaultPaperTerrainMaterial.uasset" 248
"../../Plugins/2D/Paper2D/Content/DefaultSpriteMaterial.uasset" 249
"../../Plugins/2D/Paper2D/Content/MaskedUnlitSpriteMaterial.uasset" 250
"../../Plugins/2D/Paper2D/Content/OpaqueUnlitSpriteMaterial.uasset" 251
"../../../Engine/Content/Functions/Engine_MaterialFunctions02/Utility/BreakOutFloat3Components.uasset" 252
"../../Plugins/Editor/SpeedTreeImporter/Content/SpeedTree9/UnpackInteger3.uasset" 253
"../../Plugins/Editor/SpeedTreeImporter/Content/SpeedTree9/UnpackDirection.uasset" 254
"../../Plugins/Editor/SpeedTreeImporter/Content/SpeedTree9/game_wind_noise.uasset" 255
"../../../Engine/Content/Functions/Engine_MaterialFunctions02/SafeNormalize.uasset" 256
"../../Plugins/Editor/SpeedTreeImporter/Content/SpeedTree9/SpeedTreeWindMotion.uasset" 257
"../../Plugins/Editor/SpeedTreeImporter/Content/SpeedTree9/SpeedTreeBranchMotion.uasset" 258
"../../../Engine/Content/Functions/Engine_MaterialFunctions02/ObjectLocalBounds.uasset" 259
"../../../Engine/Content/Functions/Engine_MaterialFunctions02/UVs/BoundingBoxBased_0-1_UVW.uasset" 260
"../../Plugins/Editor/SpeedTreeImporter/Content/SpeedTree9/SpeedTreeWind.uasset" 261
"../../Plugins/Editor/SpeedTreeImporter/Content/SpeedTree9/SpeedTreeBillboard.uasset" 262
"../../../Engine/Content/EngineResources/DefaultTexture.uasset" 263
"../../Plugins/Editor/SpeedTreeImporter/Content/SpeedTree9/SpeedTreeBillboardMaster.uasset" 264
"../../Plugins/Editor/SpeedTreeImporter/Content/SpeedTree9/SpeedTreeCameraFacing.uasset" 265
"../../Plugins/Editor/SpeedTreeImporter/Content/SpeedTree9/SpeedTreeMaster.uasset" 266
"../../../Engine/Content/BasicShapes/Cylinder.uasset" 267
"../../../Engine/Content/ArtTools/RenderToTexture/Materials/Debug/M_Emissive_Color.uasset" 268
"../../Plugins/Lumin/MagicLeapPassableWorld/Content/MagicLeapARPinInfoActor.uasset" 269
"../../../Engine/Content/Functions/Engine_MaterialFunctions02/Utility/BreakOutFloat4Components.uasset" 270
"../../../Engine/Content/Functions/Engine_MaterialFunctions02/Utility/MakeFloat3.uasset" 271
"../../../Engine/Content/Functions/Engine_MaterialFunctions02/Utility/MakeFloat2.uasset" 272
"../../Plugins/Runtime/Oculus/OculusVR/Content/Materials/OculusMR_ChromaKey.uasset" 273
"../../Plugins/Runtime/Oculus/OculusVR/Content/Materials/OculusMR_OpaqueColoredMaterial.uasset" 274
"../../Plugins/Runtime/Oculus/OculusVR/Content/Materials/PokeAHoleMaterial.uasset" 275
"C:/Development/VirtualAcres/Content/Farming_And_Mining/Textures/Rake_And_Hoe_Old_N.uasset" 276
"C:/Development/VirtualAcres/Content/Farming_And_Mining/Textures/Rake_And_Hoe_Old_MRA.uasset" 277
"C:/Development/VirtualAcres/Content/Farming_And_Mining/Textures/Rake_And_Hoe_Old_Color.uasset" 278
"C:/Development/VirtualAcres/Content/Farming_And_Mining/Materials/Tools_Master_M.uasset" 279
"C:/Development/VirtualAcres/Content/Farming_And_Mining/Materials/Hoe_Old_MI.uasset" 280
"C:/Development/VirtualAcres/Content/Farming_And_Mining/Meshes/TriangleHoe_SM.uasset" 281
"C:/Development/VirtualAcres/Content/Farming_And_Mining/Meshes/SquareHoe_SM.uasset" 282
"C:/Development/VirtualAcres/Content/Farming_And_Mining/Materials/Shovel_Old_MI.uasset" 283
"C:/Development/VirtualAcres/Content/Farming_And_Mining/Meshes/Shovel_SM.uasset" 284
"C:/Development/VirtualAcres/Content/Farming_And_Mining/Meshes/Rake_SM.uasset" 285
"C:/Development/VirtualAcres/Content/Farming_And_Mining/Textures/Pick_Mask.uasset" 286
"C:/Development/VirtualAcres/Content/Farming_And_Mining/Textures/Pick_Old_N.uasset" 287
"C:/Development/VirtualAcres/Content/Farming_And_Mining/Textures/Pick_Old_MRA.uasset" 288
"C:/Development/VirtualAcres/Content/Farming_And_Mining/Textures/Pick_Old_Color.uasset" 289
"C:/Development/VirtualAcres/Content/Farming_And_Mining/Materials/Pick_Old_MI.uasset" 290
"C:/Development/VirtualAcres/Content/Farming_And_Mining/Meshes/Pickaxe_SM.uasset" 291
"C:/Development/VirtualAcres/Content/Farming_And_Mining/Meshes/HoolaHoe_SM.uasset" 292
"C:/Development/VirtualAcres/Content/Farming_And_Mining/Meshes/BackHoe_SM.uasset" 293
"C:/Development/VirtualAcres/Content/Farming_And_Mining/Textures/Axe_Mask.uasset" 294
"C:/Development/VirtualAcres/Content/Farming_And_Mining/Textures/Axe_M_Normal.uasset" 295
"C:/Development/VirtualAcres/Content/Farming_And_Mining/Textures/Axe_M_MRA.uasset" 296
"C:/Development/VirtualAcres/Content/Farming_And_Mining/Textures/Axe_M_BaseColor.uasset" 297
"C:/Development/VirtualAcres/Content/Farming_And_Mining/Materials/Axe_Old_MI.uasset" 298
"C:/Development/VirtualAcres/Content/Farming_And_Mining/Meshes/Axe_Tool.uasset" 299
"../../../Engine/Content/MapTemplates/SM_Template_Map_Floor.uasset" 300
"../../../Engine/Content/EngineSky/T_Sky_Stars.uasset" 301
"../../../Engine/Content/EngineSky/T_Sky_Clouds_M.uasset" 302
"../../../Engine/Content/EngineSky/T_Sky_Blue.uasset" 303
"../../../Engine/Content/EngineSky/M_Sky_Panning_Clouds2.uasset" 304
"C:/Development/VirtualAcres/Content/Farming_And_Mining/Maps/Demo_Map_BuiltData.uasset" 305
"C:/Development/VirtualAcres/Content/Farming_And_Mining/Textures/Rake_And_Hoes_New2_N.uasset" 306
"C:/Development/VirtualAcres/Content/Farming_And_Mining/Textures/Rake_And_Hoes_New2_MRA.uasset" 307
"C:/Development/VirtualAcres/Content/Farming_And_Mining/Textures/Rake_And_Hoes_New2_Color.uasset" 308
"C:/Development/VirtualAcres/Content/Farming_And_Mining/Textures/Rake_And_Hoes_Mask.uasset" 309
"C:/Development/VirtualAcres/Content/Farming_And_Mining/Materials/Hoe_New2_MI.uasset" 310
"C:/Development/VirtualAcres/Content/Farming_And_Mining/Textures/Rake_And_Hoes_New_N.uasset" 311
"C:/Development/VirtualAcres/Content/Farming_And_Mining/Textures/Rake_And_Hoes_New_MRA.uasset" 312
"C:/Development/VirtualAcres/Content/Farming_And_Mining/Textures/Rake_And_Hoes_New_Color.uasset" 313
"C:/Development/VirtualAcres/Content/Farming_And_Mining/Materials/Hoe_New_MI.uasset" 314
"C:/Development/VirtualAcres/Content/Farming_And_Mining/Textures/Pick_new2_N.uasset" 315
"C:/Development/VirtualAcres/Content/Farming_And_Mining/Textures/Pick_New2_MRA.uasset" 316
"C:/Development/VirtualAcres/Content/Farming_And_Mining/Textures/pick_New2_Color.uasset" 317
"C:/Development/VirtualAcres/Content/Farming_And_Mining/Materials/Pick_New2_MI.uasset" 318
"C:/Development/VirtualAcres/Content/Farming_And_Mining/Textures/Pick_New_N.uasset" 319
"C:/Development/VirtualAcres/Content/Farming_And_Mining/Textures/Pick_New_MRA.uasset" 320
"C:/Development/VirtualAcres/Content/Farming_And_Mining/Textures/Pick_New_Color.uasset" 321
"C:/Development/VirtualAcres/Content/Farming_And_Mining/Materials/Pick_New_MI.uasset" 322
"C:/Development/VirtualAcres/Content/Farming_And_Mining/Textures/Shovel_New_N.uasset" 323
"C:/Development/VirtualAcres/Content/Farming_And_Mining/Textures/Shovel_New_MRA.uasset" 324
"C:/Development/VirtualAcres/Content/Farming_And_Mining/Textures/Shovel_New_Color.uasset" 325
"C:/Development/VirtualAcres/Content/Farming_And_Mining/Materials/Shovel_New_MI.uasset" 326
"C:/Development/VirtualAcres/Content/Farming_And_Mining/Textures/Shovel_New2_N.uasset" 327
"C:/Development/VirtualAcres/Content/Farming_And_Mining/Textures/Shovel_New2_MRA.uasset" 328
"C:/Development/VirtualAcres/Content/Farming_And_Mining/Textures/Shovel_New2_Color.uasset" 329
"C:/Development/VirtualAcres/Content/Farming_And_Mining/Materials/Shovel_New2_MI.uasset" 330
"C:/Development/VirtualAcres/Content/Farming_And_Mining/ThirdPersonBP/Blueprints/Tool_Enum.uasset" 331
"C:/Development/VirtualAcres/Content/Farming_And_Mining/Animations/Farming_Animations_Anim.uasset" 332
"C:/Development/VirtualAcres/Content/Farming_And_Mining/Animations/Axe_Anims/Axe_Vertical_2_Anim.uasset" 333
"C:/Development/VirtualAcres/Content/Farming_And_Mining/Animations/Axe_Anims/Axe_Vertical_3_Anim.uasset" 334
"C:/Development/VirtualAcres/Content/Farming_And_Mining/Animations/Axe_Anims/Axe_Relax_Anim.uasset" 335
"C:/Development/VirtualAcres/Content/Farming_And_Mining/Animations/Axe_Anims/Axe_Ready_Anim.uasset" 336
"C:/Development/VirtualAcres/Content/Farming_And_Mining/Animations/Axe_Anims/Axe_Swing_1.uasset" 337
"C:/Development/VirtualAcres/Content/Farming_And_Mining/Animations/Axe_Anims/Axe_Vertical_1_Anim.uasset" 338
"C:/Development/VirtualAcres/Content/Farming_And_Mining/Animations/Axe_Anims/Axe_Vertical_1-2_Anim.uasset" 339
"C:/Development/VirtualAcres/Content/Farming_And_Mining/Animations/Axe_Anims/Axe_Montage.uasset" 340
"C:/Development/VirtualAcres/Content/Farming_And_Mining/Animations/Hoe_Action_Anim.uasset" 341
"C:/Development/VirtualAcres/Content/Farming_And_Mining/Animations/Hoe_Ready_Anim.uasset" 342
"C:/Development/VirtualAcres/Content/Farming_And_Mining/Animations/Hoe_Relax_Anim.uasset" 343
"C:/Development/VirtualAcres/Content/Farming_And_Mining/Animations/Hoeing_Montage.uasset" 344
"C:/Development/VirtualAcres/Content/Farming_And_Mining/Animations/Pick_Ready_Anim.uasset" 345
"C:/Development/VirtualAcres/Content/Farming_And_Mining/Animations/Pick_Relax_ANim.uasset" 346
"C:/Development/VirtualAcres/Content/Farming_And_Mining/Animations/Pick_Hoe_Anim.uasset" 347
"C:/Development/VirtualAcres/Content/Farming_And_Mining/Animations/Pick_Montage.uasset" 348
"C:/Development/VirtualAcres/Content/Farming_And_Mining/Animations/Shovel_Action1_Alt_Anim.uasset" 349
"C:/Development/VirtualAcres/Content/Farming_And_Mining/Animations/Shovel_Action1_Alt_End_Anim.uasset" 350
"C:/Development/VirtualAcres/Content/Farming_And_Mining/Animations/Shovel_Action2_Alt_Anim.uasset" 351
"C:/Development/VirtualAcres/Content/Farming_And_Mining/Animations/Shovel_Action2_Alt_End_Anim.uasset" 352
"C:/Development/VirtualAcres/Content/Farming_And_Mining/Animations/Shovel_Action_1_Relax_Anim.uasset" 353
"C:/Development/VirtualAcres/Content/Farming_And_Mining/Animations/Shovel_Action_2_Relax_Anim.uasset" 354
"C:/Development/VirtualAcres/Content/Farming_And_Mining/Animations/Shovel_Montage.uasset" 355
"C:/Development/VirtualAcres/Content/Farming_And_Mining/Animations/Hoe_Idle_Anim.uasset" 356
"C:/Development/VirtualAcres/Content/Farming_And_Mining/Animations/Pick_Idle_Anim.uasset" 357
"C:/Development/VirtualAcres/Content/Farming_And_Mining/Animations/Shovel_Idle_Anim.uasset" 358
"C:/Development/VirtualAcres/Content/Farming_And_Mining/ThirdPersonBP/Mannequin/Animations/ThirdPerson_Jump.uasset" 359
"C:/Development/VirtualAcres/Content/Farming_And_Mining/ThirdPersonBP/Mannequin/Animations/ThirdPersonJump_Loop.uasset" 360
"C:/Development/VirtualAcres/Content/Farming_And_Mining/ThirdPersonBP/Mannequin/Animations/ThirdPersonJump_Start.uasset" 361
"C:/Development/VirtualAcres/Content/Farming_And_Mining/ThirdPersonBP/Mannequin/Animations/ThirdPersonWalk.uasset" 362
"C:/Development/VirtualAcres/Content/Farming_And_Mining/ThirdPersonBP/Mannequin/Animations/ThirdPersonRun.uasset" 363
"C:/Development/VirtualAcres/Content/Farming_And_Mining/ThirdPersonBP/Mannequin/Animations/ThirdPersonIdle.uasset" 364
"C:/Development/VirtualAcres/Content/Farming_And_Mining/ThirdPersonBP/Mannequin/Animations/ThirdPerson_IdleRun_2D.uasset" 365
"C:/Development/VirtualAcres/Content/Farming_And_Mining/Animations/Hoeing_Step_Back_Anim.uasset" 366
"C:/Development/VirtualAcres/Content/Farming_And_Mining/Animations/Hoeing_Stepback_Montage.uasset" 367
"C:/Development/VirtualAcres/Content/Farming_And_Mining/Animations/Farming_And_Mining_AnimBP.uasset" 368
"C:/Development/VirtualAcres/Content/Farming_And_Mining/ThirdPersonBP/Mannequin/Animations/ThirdPerson_AnimBP.uasset" 369
"C:/Development/VirtualAcres/Content/Farming_And_Mining/ThirdPersonBP/Blueprints/Farming_Example_Character.uasset" 370
"C:/Development/VirtualAcres/Content/Farming_And_Mining/ThirdPersonBP/Blueprints/Farming_Example_GameMode.uasset" 371
"../../../Engine/Content/EngineSky/SM_SkySphere.uasset" 372
"../../../Engine/Content/EngineSky/C_Sky_Zenith_Color.uasset" 373
"../../../Engine/Content/EngineSky/C_Sky_Horizon_Color.uasset" 374
"../../../Engine/Content/EngineSky/C_Sky_Cloud_Color.uasset" 375
"../../../Engine/Content/EngineSky/BP_Sky_Sphere.uasset" 376
"C:/Development/VirtualAcres/Content/Farming_And_Mining/Maps/Demo_Map.umap" 377
"C:/Development/VirtualAcres/Content/Farming_And_Mining/Maps/Overview_map_BuiltData.uasset" 378
"C:/Development/VirtualAcres/Content/Farming_And_Mining/Meshes/TriangleHoe_Head_SM.uasset" 379
"C:/Development/VirtualAcres/Content/Farming_And_Mining/Meshes/SquareHoe_Head_SM.uasset" 380
"C:/Development/VirtualAcres/Content/Farming_And_Mining/Meshes/Shovel_Head_SM.uasset" 381
"C:/Development/VirtualAcres/Content/Farming_And_Mining/Meshes/Shovel_Handle_SM.uasset" 382
"C:/Development/VirtualAcres/Content/Farming_And_Mining/Meshes/Rake_Head_SM.uasset" 383
"C:/Development/VirtualAcres/Content/Farming_And_Mining/Meshes/Pickaxe_Head_SM.uasset" 384
"C:/Development/VirtualAcres/Content/Farming_And_Mining/Meshes/Pick_Handle_SM.uasset" 385
"C:/Development/VirtualAcres/Content/Farming_And_Mining/Meshes/HoolaHoe_Head_SM.uasset" 386
"C:/Development/VirtualAcres/Content/Farming_And_Mining/Meshes/Hoe_Handle_SM.uasset" 387
"C:/Development/VirtualAcres/Content/Farming_And_Mining/Meshes/BackHoe_Head_SM.uasset" 388
"C:/Development/VirtualAcres/Content/Farming_And_Mining/Animations/Idles_Hoe_Shovel_1_Anim.uasset" 389
"C:/Development/VirtualAcres/Content/Farming_And_Mining/Animations/Idles_Hoe_Shovel_2_Anim.uasset" 390
"C:/Development/VirtualAcres/Content/Farming_And_Mining/Animations/Idles_Hoe_Shovel_3_Anim.uasset" 391
"C:/Development/VirtualAcres/Content/Farming_And_Mining/Animations/Idles_Hoe_Shovel_4_Anim.uasset" 392
"C:/Development/VirtualAcres/Content/Farming_And_Mining/Animations/Idles_Pick_1_Anim.uasset" 393
"C:/Development/VirtualAcres/Content/Farming_And_Mining/Animations/Idles_Pick_2_Anim.uasset" 394
"C:/Development/VirtualAcres/Content/Farming_And_Mining/Animations/Pick_Flip_Anim.uasset" 395
"C:/Development/VirtualAcres/Content/Farming_And_Mining/Animations/Shovel_End_Anim.uasset" 396
"C:/Development/VirtualAcres/Content/Farming_And_Mining/Animations/Shovel_Start_Ready_Anim.uasset" 397
"C:/Development/VirtualAcres/Content/Farming_And_Mining/Animations/Alternate_Idle_Pose_Anims/Hoe_Idle_Old_Anim.uasset" 398
"C:/Development/VirtualAcres/Content/Farming_And_Mining/Animations/Alternate_Idle_Pose_Anims/Hoe_Ready_Old_Anim.uasset" 399
"C:/Development/VirtualAcres/Content/Farming_And_Mining/Animations/Alternate_Idle_Pose_Anims/Hoe_Relax_Old_Anim.uasset" 400
"C:/Development/VirtualAcres/Content/Farming_And_Mining/Animations/Alternate_Idle_Pose_Anims/Idles_Pick_1_Old_Anim.uasset" 401
"C:/Development/VirtualAcres/Content/Farming_And_Mining/Animations/Alternate_Idle_Pose_Anims/Idles_Pick_2_Old_Anim.uasset" 402
"C:/Development/VirtualAcres/Content/Farming_And_Mining/Animations/Alternate_Idle_Pose_Anims/Idles_Shovel-Hoe_1_Old_Anim.uasset" 403
"C:/Development/VirtualAcres/Content/Farming_And_Mining/Animations/Alternate_Idle_Pose_Anims/Idles_Shovel-Hoe_2_Old_Anim.uasset" 404
"C:/Development/VirtualAcres/Content/Farming_And_Mining/Animations/Alternate_Idle_Pose_Anims/Idles_Shovel-Hoe_3_Old_Anim.uasset" 405
"C:/Development/VirtualAcres/Content/Farming_And_Mining/Animations/Alternate_Idle_Pose_Anims/Idles_Shovel-Hoe_4_Old_Anim.uasset" 406
"C:/Development/VirtualAcres/Content/Farming_And_Mining/Animations/Alternate_Idle_Pose_Anims/Pick_Flipped_Old_Anim.uasset" 407
"C:/Development/VirtualAcres/Content/Farming_And_Mining/Animations/Alternate_Idle_Pose_Anims/Pick_Flip_Old_Anim.uasset" 408
"C:/Development/VirtualAcres/Content/Farming_And_Mining/Animations/Alternate_Idle_Pose_Anims/Pick_Idle_Old_Anim.uasset" 409
"C:/Development/VirtualAcres/Content/Farming_And_Mining/Animations/Alternate_Idle_Pose_Anims/Pick_Ready_Old_Anim.uasset" 410
"C:/Development/VirtualAcres/Content/Farming_And_Mining/Animations/Alternate_Idle_Pose_Anims/Pick_Relax_Old_Anim.uasset" 411
"C:/Development/VirtualAcres/Content/Farming_And_Mining/Animations/Alternate_Idle_Pose_Anims/Shovel_Action1_Alt_Relax_Old_Anim.uasset" 412
"C:/Development/VirtualAcres/Content/Farming_And_Mining/Animations/Alternate_Idle_Pose_Anims/Shovel_Action2_Alt_Relax_Old_Anim.uasset" 413
"C:/Development/VirtualAcres/Content/Farming_And_Mining/Animations/Alternate_Idle_Pose_Anims/Shovel_Idle_Old_Anim.uasset" 414
"C:/Development/VirtualAcres/Content/Farming_And_Mining/Animations/Alternate_Idle_Pose_Anims/Shovel_Ready_Old_Anim.uasset" 415
"C:/Development/VirtualAcres/Content/Farming_And_Mining/Animations/Alternate_Idle_Pose_Anims/Shovel_Relax2_Old_Anim.uasset" 416
"C:/Development/VirtualAcres/Content/Farming_And_Mining/Animations/Alternate_Idle_Pose_Anims/Shovel_Relax_Action_Old_Anim.uasset" 417
"C:/Development/VirtualAcres/Content/Farming_And_Mining/Animations/Alternate_Idle_Pose_Anims/Shovel_Relax_Old_Anim.uasset" 418
"C:/Development/VirtualAcres/Content/Farming_And_Mining/Animations/Alternate_Idle_Pose_Anims/Shovel_Start_Old_Anim.uasset" 419
"C:/Development/VirtualAcres/Content/Farming_And_Mining/Maps/Overview_map.umap" 420
"C:/Development/VirtualAcres/Content/PolygonFarm/Meshes/Vehicles/SK_Veh_TractorOld_01_Skeleton.uasset" 421
"C:/Development/VirtualAcres/Content/PolygonFarm/Meshes/Vehicles/SK_Veh_TractorOld_01_PhysicsAsset.uasset" 422
"C:/Development/VirtualAcres/Content/PolygonFarm/Meshes/Vehicles/SK_Veh_TractorOld_01.uasset" 423
"C:/Development/VirtualAcres/Content/PolygonFarm/Meshes/Vehicles/SK_Veh_Tractor_01_Skeleton.uasset" 424
"C:/Development/VirtualAcres/Content/PolygonFarm/Meshes/Vehicles/SK_Veh_Tractor_01_PhysicsAsset.uasset" 425
"C:/Development/VirtualAcres/Content/PolygonFarm/Materials/Misc/Mat_PolygonFarm_Glass.uasset" 426
"C:/Development/VirtualAcres/Content/PolygonFarm/Meshes/Vehicles/SK_Veh_Tractor_01.uasset" 427
"C:/Development/VirtualAcres/Content/PolygonFarm/Meshes/Vehicles/SK_Veh_Pickup_01_Skeleton.uasset" 428
"C:/Development/VirtualAcres/Content/PolygonFarm/Meshes/Vehicles/SK_Veh_Pickup_01_PhysicsAsset.uasset" 429
"C:/Development/VirtualAcres/Content/PolygonFarm/Meshes/Vehicles/SK_Veh_Pickup_01.uasset" 430
"C:/Development/VirtualAcres/Content/PolygonFarm/Meshes/Vehicles/SK_Veh_Harvester_01_Skeleton.uasset" 431
"C:/Development/VirtualAcres/Content/PolygonFarm/Meshes/Vehicles/SK_Veh_Harvester_01_PhysicsAsset.uasset" 432
"C:/Development/VirtualAcres/Content/PolygonFarm/Meshes/Vehicles/SK_Veh_Harvester_01.uasset" 433
"C:/Development/VirtualAcres/Content/PolygonFarm/Meshes/Vehicles/SK_Veh_Attach_Trailer_Tank_01_Skeleton.uasset" 434
"C:/Development/VirtualAcres/Content/PolygonFarm/Meshes/Vehicles/SK_Veh_Attach_Trailer_Tank_01_PhysicsAsset.uasset" 435
"C:/Development/VirtualAcres/Content/PolygonFarm/Meshes/Vehicles/SK_Veh_Attach_Trailer_Tank_01.uasset" 436
"C:/Development/VirtualAcres/Content/PolygonFarm/Meshes/Vehicles/SK_Veh_Attach_Trailer_Cylinder_01_Skeleton.uasset" 437
"C:/Development/VirtualAcres/Content/PolygonFarm/Meshes/Vehicles/SK_Veh_Attach_Trailer_Cylinder_01_PhysicsAsset.uasset" 438
"C:/Development/VirtualAcres/Content/PolygonFarm/Meshes/Vehicles/SK_Veh_Attach_Trailer_Cylinder_01.uasset" 439
"C:/Development/VirtualAcres/Content/PolygonFarm/Meshes/Vehicles/SK_Veh_Attach_Trailer_Cage_01_Skeleton.uasset" 440
"C:/Development/VirtualAcres/Content/PolygonFarm/Meshes/Vehicles/SK_Veh_Attach_Trailer_Cage_01_PhysicsAsset.uasset" 441
"C:/Development/VirtualAcres/Content/PolygonFarm/Textures/T_PolygonFarm_Fence_Alpha.uasset" 442
"C:/Development/VirtualAcres/Content/PolygonFarm/Materials/Misc/Mat_PolygonFarm_Wire.uasset" 443
"C:/Development/VirtualAcres/Content/PolygonFarm/Meshes/Vehicles/SK_Veh_Attach_Trailer_Cage_01.uasset" 444
"C:/Development/VirtualAcres/Content/PolygonFarm/Meshes/Vehicles/SK_Veh_Attach_Sprayer_01_Skeleton.uasset" 445
"C:/Development/VirtualAcres/Content/PolygonFarm/Meshes/Vehicles/SK_Veh_Attach_Sprayer_01_PhysicsAsset.uasset" 446
"C:/Development/VirtualAcres/Content/PolygonFarm/Meshes/Vehicles/SK_Veh_Attach_Sprayer_01.uasset" 447
"C:/Development/VirtualAcres/Content/PolygonFarm/Meshes/Vehicles/SK_Veh_Attach_Plough_01_Skeleton.uasset" 448
"C:/Development/VirtualAcres/Content/PolygonFarm/Meshes/Vehicles/SK_Veh_Attach_Plough_01_PhysicsAsset.uasset" 449
"C:/Development/VirtualAcres/Content/PolygonFarm/Meshes/Vehicles/SK_Veh_Attach_Plough_01.uasset" 450
"C:/Development/VirtualAcres/Content/PolygonFarm/Meshes/Vehicles/SK_Veh_Attach_Planter_01_Skeleton.uasset" 451
"C:/Development/VirtualAcres/Content/PolygonFarm/Meshes/Vehicles/SK_Veh_Attach_Planter_01_PhysicsAsset.uasset" 452
"C:/Development/VirtualAcres/Content/PolygonFarm/Meshes/Vehicles/SK_Veh_Attach_Planter_01.uasset" 453
"C:/Development/VirtualAcres/Content/PolygonFarm/Meshes/Vehicles/SK_Veh_Attach_Baler_01_Skeleton.uasset" 454
"C:/Development/VirtualAcres/Content/PolygonFarm/Meshes/Vehicles/SK_Veh_Attach_Baler_01_PhysicsAsset.uasset" 455
"C:/Development/VirtualAcres/Content/PolygonFarm/Meshes/Vehicles/SK_Veh_Attach_Baler_01.uasset" 456
"C:/Development/VirtualAcres/Content/PolygonFarm/Meshes/Props/SM_Prop_Wood_Stack_02.uasset" 457
"C:/Development/VirtualAcres/Content/PolygonFarm/Meshes/Props/SM_Prop_Wood_Stack_01.uasset" 458
"C:/Development/VirtualAcres/Content/PolygonFarm/Meshes/Props/SM_Prop_Windmill_Top_01.uasset" 459
"C:/Development/VirtualAcres/Content/PolygonFarm/Meshes/Props/SM_Prop_Windmill_Blades_01.uasset" 460
"C:/Development/VirtualAcres/Content/PolygonFarm/Meshes/Props/SM_Prop_Windmill_01.uasset" 461
"C:/Development/VirtualAcres/Content/PolygonFarm/Meshes/Props/SM_Prop_Windfarm_Blades_01.uasset" 462
"C:/Development/VirtualAcres/Content/PolygonFarm/Meshes/Props/SM_Prop_Windfarm_01.uasset" 463
"C:/Development/VirtualAcres/Content/PolygonFarm/Meshes/Props/SM_Prop_Wheelbarrow_Wood_Wheel_01.uasset" 464
"C:/Development/VirtualAcres/Content/PolygonFarm/Meshes/Props/SM_Prop_Wheelbarrow_Wood_01.uasset" 465
"C:/Development/VirtualAcres/Content/PolygonFarm/Meshes/Props/SM_Prop_Wheelbarrow_Metal_Wheel_01.uasset" 466
"C:/Development/VirtualAcres/Content/PolygonFarm/Meshes/Props/SM_Prop_Wheelbarrow_Metal_01.uasset" 467
"C:/Development/VirtualAcres/Content/PolygonFarm/Meshes/Props/SM_Prop_Well_Handle_01.uasset" 468
"C:/Development/VirtualAcres/Content/PolygonFarm/Meshes/Props/SM_Prop_Well_01.uasset" 469
"C:/Development/VirtualAcres/Content/PolygonFarm/Meshes/Props/SM_Prop_Weathervane_Arrow_01.uasset" 470
"C:/Development/VirtualAcres/Content/PolygonFarm/Meshes/Props/SM_Prop_Weathervane_01.uasset" 471
"C:/Development/VirtualAcres/Content/PolygonFarm/Meshes/Props/SM_Prop_Vice_Slide_01.uasset" 472
"C:/Development/VirtualAcres/Content/PolygonFarm/Meshes/Props/SM_Prop_Vice_Handle_01.uasset" 473
"C:/Development/VirtualAcres/Content/PolygonFarm/Meshes/Props/SM_Prop_Vice_01.uasset" 474
"C:/Development/VirtualAcres/Content/PolygonFarm/Meshes/Props/SM_Prop_Ute_Wreck_01.uasset" 475
"C:/Development/VirtualAcres/Content/PolygonFarm/Meshes/Props/SM_Prop_Tyre_01.uasset" 476
"C:/Development/VirtualAcres/Content/PolygonFarm/Meshes/Props/SM_Prop_Truck_Rusted_01.uasset" 477
"C:/Development/VirtualAcres/Content/PolygonFarm/Materials/Misc/Mat_PolygonFarm_Water.uasset" 478
"C:/Development/VirtualAcres/Content/PolygonFarm/Meshes/Props/SM_Prop_Trough_Water_01.uasset" 479
"C:/Development/VirtualAcres/Content/PolygonFarm/Meshes/Props/SM_Prop_Trough_01.uasset" 480
"C:/Development/VirtualAcres/Content/PolygonFarm/Meshes/Props/SM_Prop_ToolBox_Lid_01.uasset" 481
"C:/Development/VirtualAcres/Content/PolygonFarm/Meshes/Props/SM_Prop_ToolBox_01.uasset" 482
"C:/Development/VirtualAcres/Content/PolygonFarm/Meshes/Props/SM_Prop_Tool_Spade_01.uasset" 483
"C:/Development/VirtualAcres/Content/PolygonFarm/Meshes/Props/SM_Prop_Tool_Rake_01.uasset" 484
"C:/Development/VirtualAcres/Content/PolygonFarm/Meshes/Props/SM_Prop_Tool_Hayfork_01.uasset" 485
"C:/Development/VirtualAcres/Content/PolygonFarm/Meshes/Props/SM_Prop_Tool_Bucket_01.uasset" 486
"C:/Development/VirtualAcres/Content/PolygonFarm/Meshes/Props/SM_Prop_Tool_Axe_01.uasset" 487
"C:/Development/VirtualAcres/Content/PolygonFarm/Meshes/Props/SM_Prop_Table_02.uasset" 488
"C:/Development/VirtualAcres/Content/PolygonFarm/Meshes/Props/SM_Prop_Table_01.uasset" 489
"C:/Development/VirtualAcres/Content/PolygonFarm/Meshes/Props/SM_Prop_Sprinkler_Hose_01.uasset" 490
"C:/Development/VirtualAcres/Content/PolygonFarm/Meshes/Props/SM_Prop_Sprinkler_01.uasset" 491
"C:/Development/VirtualAcres/Content/PolygonFarm/Meshes/Props/SM_Prop_SpoolWheel_01.uasset" 492
"C:/Development/VirtualAcres/Content/PolygonFarm/Meshes/Props/SM_Prop_SignPost_02.uasset" 493
"C:/Development/VirtualAcres/Content/PolygonFarm/Meshes/Props/SM_Prop_SignPost_01.uasset" 494
"C:/Development/VirtualAcres/Content/PolygonFarm/Textures/T_PolygonFarm_Signs.uasset" 495
"C:/Development/VirtualAcres/Content/PolygonFarm/Materials/Misc/Mat_PolygonFarm_Sign.uasset" 496
"C:/Development/VirtualAcres/Content/PolygonFarm/Meshes/Props/SM_Prop_Sign_Veges_01.uasset" 497
"C:/Development/VirtualAcres/Content/PolygonFarm/Meshes/Props/SM_Prop_Sign_Strawberries_01.uasset" 498
"C:/Development/VirtualAcres/Content/PolygonFarm/Meshes/Props/SM_Prop_Sign_Squash_01.uasset" 499
"C:/Development/VirtualAcres/Content/PolygonFarm/Meshes/Props/SM_Prop_Sign_Pumpkins_01.uasset" 500
"C:/Development/VirtualAcres/Content/PolygonFarm/Meshes/Props/SM_Prop_Sign_Potatoes_01.uasset" 501
"C:/Development/VirtualAcres/Content/PolygonFarm/Meshes/Props/SM_Prop_Sign_Peaches_01.uasset" 502
"C:/Development/VirtualAcres/Content/PolygonFarm/Meshes/Props/SM_Prop_Sign_Oranges_01.uasset" 503
"C:/Development/VirtualAcres/Content/PolygonFarm/Meshes/Props/SM_Prop_Sign_Fruit_01.uasset" 504
"C:/Development/VirtualAcres/Content/PolygonFarm/Meshes/Props/SM_Prop_Sign_Cucumbers_01.uasset" 505
"C:/Development/VirtualAcres/Content/PolygonFarm/Meshes/Props/SM_Prop_Sign_Cheeries_01.uasset" 506
"C:/Development/VirtualAcres/Content/PolygonFarm/Meshes/Props/SM_Prop_Sign_Apples_01.uasset" 507
"C:/Development/VirtualAcres/Content/PolygonFarm/Meshes/Props/SM_Prop_SeedPacket_02.uasset" 508
"C:/Development/VirtualAcres/Content/PolygonFarm/Meshes/Props/SM_Prop_SeedPacket_01.uasset" 509
"C:/Development/VirtualAcres/Content/PolygonFarm/Meshes/Props/SM_Prop_Scarecrow_01.uasset" 510
"C:/Development/VirtualAcres/Content/PolygonFarm/Meshes/Props/SM_Prop_Rusted_Drum_01.uasset" 511
"C:/Development/VirtualAcres/Content/PolygonFarm/Meshes/Props/SM_Prop_Rubbish_Pile_05.uasset" 512
"C:/Development/VirtualAcres/Content/PolygonFarm/Meshes/Props/SM_Prop_Rubbish_Pile_04.uasset" 513
"C:/Development/VirtualAcres/Content/PolygonFarm/Meshes/Props/SM_Prop_Rubbish_Pile_03.uasset" 514
"C:/Development/VirtualAcres/Content/PolygonFarm/Textures/T_PolygonFarm_Leaves_Normals.uasset" 515
"C:/Development/VirtualAcres/Content/PolygonFarm/Textures/T_PolygonFarm_Leaves_Diff.uasset" 516
"C:/Development/VirtualAcres/Content/PolygonFarm/Materials/Misc/Mat_PolygonFarm_Leaves.uasset" 517
"C:/Development/VirtualAcres/Content/PolygonFarm/Meshes/Plants/SM_Prop_Plant_Potato_01_S.uasset" 518
"C:/Development/VirtualAcres/Content/PolygonFarm/Meshes/Plants/SM_Prop_Plant_Potato_01_M.uasset" 519
"C:/Development/VirtualAcres/Content/PolygonFarm/Meshes/Plants/SM_Prop_Plant_Potato_01_L.uasset" 520
"C:/Development/VirtualAcres/Content/PolygonFarm/Meshes/Plants/SM_Prop_Plant_Ground_02_M.uasset" 521
"C:/Development/VirtualAcres/Content/PolygonFarm/Meshes/Plants/SM_Prop_Plant_Ground_02_L2.uasset" 522
"C:/Development/VirtualAcres/Content/PolygonFarm/Meshes/Plants/SM_Prop_Plant_Ground_02_L.uasset" 523
"C:/Development/VirtualAcres/Content/PolygonFarm/Meshes/Plants/SM_Prop_Plant_Ground_01_M.uasset" 524
"C:/Development/VirtualAcres/Content/PolygonFarm/Meshes/Plants/SM_Prop_Plant_Ground_01_L2.uasset" 525
"C:/Development/VirtualAcres/Content/PolygonFarm/Meshes/Plants/SM_Prop_Plant_Ground_01_L.uasset" 526
"C:/Development/VirtualAcres/Content/PolygonFarm/Meshes/Plants/SM_Prop_Plant_Corn_01_M.uasset" 527
"C:/Development/VirtualAcres/Content/PolygonFarm/Textures/T_Noise_Big.uasset" 528
"C:/Development/VirtualAcres/Content/PolygonFarm/Textures/T_BlurNoise.uasset" 529
"../../../Engine/Content/EngineMaterials/BlendFunc_DefBlend.uasset" 530
"../../../Engine/Content/EngineMaterials/BlendFunc_DefBase.uasset" 531
"../../../Engine/Content/Functions/Engine_MaterialFunctions03/Blends/Blend_Overlay.uasset" 532
"C:/Development/VirtualAcres/Content/PolygonFarm/Materials/Misc/Mat_Fnc_WorldPosition.uasset" 533
"C:/Development/VirtualAcres/Content/PolygonFarm/Materials/Misc/Mat_Plant_Animated_Base.uasset" 534
"C:/Development/VirtualAcres/Content/PolygonFarm/Materials/Mat_Plant_Animated_Instance.uasset" 535
"C:/Development/VirtualAcres/Content/PolygonFarm/Meshes/Plants/SM_Prop_Plant_Corn_01_L.uasset" 536
"C:/Development/VirtualAcres/Content/PolygonFarm/Meshes/Plants/SM_Prop_Plant_Bush_03_Chilli.uasset" 537
"C:/Development/VirtualAcres/Content/PolygonFarm/Meshes/Plants/SM_Prop_Plant_Bush_02_Tomato.uasset" 538
"C:/Development/VirtualAcres/Content/PolygonFarm/Meshes/Plants/SM_Prop_Plant_Bush_01_L.uasset" 539
"C:/Development/VirtualAcres/Content/PolygonFarm/Meshes/Plants/SM_Prop_Orange_01_Group.uasset" 540
"C:/Development/VirtualAcres/Content/PolygonFarm/Meshes/Plants/SM_Prop_Orange_01.uasset" 541
"C:/Development/VirtualAcres/Content/PolygonFarm/Meshes/Plants/SM_Prop_Onion_01_S.uasset" 542
"C:/Development/VirtualAcres/Content/PolygonFarm/Meshes/Plants/SM_Prop_Onion_01_M.uasset" 543
"C:/Development/VirtualAcres/Content/PolygonFarm/Meshes/Plants/SM_Prop_Onion_01_L.uasset" 544
"C:/Development/VirtualAcres/Content/PolygonFarm/Meshes/Plants/SM_Prop_Hemp_01_S.uasset" 545
"C:/Development/VirtualAcres/Content/PolygonFarm/Meshes/Plants/SM_Prop_Hemp_01_M.uasset" 546
"C:/Development/VirtualAcres/Content/PolygonFarm/Meshes/Plants/SM_Prop_Hemp_01_L.uasset" 547
"C:/Development/VirtualAcres/Content/PolygonFarm/Meshes/Plants/SM_Prop_Corn_01_Group.uasset" 548
"C:/Development/VirtualAcres/Content/PolygonFarm/Meshes/Plants/SM_Prop_Cherry_01_Group.uasset" 549
"C:/Development/VirtualAcres/Content/PolygonFarm/Meshes/Plants/SM_Prop_Cherry_01.uasset" 550
"C:/Development/VirtualAcres/Content/PolygonFarm/Meshes/Plants/SM_Prop_Carrot_01_L.uasset" 551
"C:/Development/VirtualAcres/Content/PolygonFarm/Meshes/Plants/SM_Prop_Carrot_01_Group.uasset" 552
"C:/Development/VirtualAcres/Content/PolygonFarm/Meshes/Plants/SM_Prop_Cabbage_01_M.uasset" 553
"C:/Development/VirtualAcres/Content/PolygonFarm/Meshes/Plants/SM_Prop_Cabbage_01_L.uasset" 554
"C:/Development/VirtualAcres/Content/PolygonFarm/Meshes/Plants/SM_Prop_Bush_Round_Row_01.uasset" 555
"C:/Development/VirtualAcres/Content/PolygonFarm/Meshes/Plants/SM_Prop_Broccoli_01_M.uasset" 556
"C:/Development/VirtualAcres/Content/PolygonFarm/Meshes/Plants/SM_Prop_Broccoli_01_L.uasset" 557
"C:/Development/VirtualAcres/Content/PolygonFarm/Meshes/Plants/SM_Prop_Broccoli_01.uasset" 558
"C:/Development/VirtualAcres/Content/PolygonFarm/Meshes/Plants/SM_Prop_Box_Potato_01.uasset" 559
"C:/Development/VirtualAcres/Content/PolygonFarm/Meshes/Plants/SM_Prop_Box_Plum_01.uasset" 560
"C:/Development/VirtualAcres/Content/PolygonFarm/Meshes/Plants/SM_Prop_Box_Peach_01.uasset" 561
"C:/Development/VirtualAcres/Content/PolygonFarm/Meshes/Plants/SM_Prop_Box_Onion_01.uasset" 562
"C:/Development/VirtualAcres/Content/PolygonFarm/Meshes/Plants/SM_Prop_Box_Eggplant_01.uasset" 563
"C:/Development/VirtualAcres/Content/PolygonFarm/Meshes/Plants/SM_Prop_Box_Carrot_01.uasset" 564
"C:/Development/VirtualAcres/Content/PolygonFarm/Meshes/Plants/SM_Prop_Box_Apricot_01.uasset" 565
"C:/Development/VirtualAcres/Content/PolygonFarm/Meshes/Plants/SM_Prop_Box_Apple_01.uasset" 566
"C:/Development/VirtualAcres/Content/PolygonFarm/Meshes/Plants/SM_Prop_Asparagus_01_L.uasset" 567
"C:/Development/VirtualAcres/Content/PolygonFarm/Meshes/Generic/SM_Generic_TreeStump_01.uasset" 568
"C:/Development/VirtualAcres/Content/PolygonFarm/Meshes/Generic/SM_Generic_Tree_Patch_02.uasset" 569
"C:/Development/VirtualAcres/Content/PolygonFarm/Meshes/Generic/SM_Generic_Tree_Patch_01.uasset" 570
"C:/Development/VirtualAcres/Content/PolygonFarm/Meshes/Generic/SM_Generic_Ground_Wheat_01.uasset" 571
"C:/Development/VirtualAcres/Content/PolygonFarm/Meshes/Generic/SM_Generic_Ground_Hill_03.uasset" 572
"C:/Development/VirtualAcres/Content/PolygonFarm/Meshes/Generic/SM_Generic_Ground_Hill_02.uasset" 573
"C:/Development/VirtualAcres/Content/PolygonFarm/Meshes/Generic/SM_Generic_Ground_Flat_Wheat_01.uasset" 574
"C:/Development/VirtualAcres/Content/PolygonFarm/Meshes/Generic/SM_Generic_Ground_Flat_01.uasset" 575
"C:/Development/VirtualAcres/Content/PolygonFarm/Meshes/Generic/SM_Generic_Ground_Dirt_01.uasset" 576
"C:/Development/VirtualAcres/Content/PolygonFarm/Meshes/Generic/SM_Generic_Ground_01.uasset" 577
"C:/Development/VirtualAcres/Content/PolygonFarm/Meshes/Generic/SM_Generic_Grass_Patch_03.uasset" 578
"C:/Development/VirtualAcres/Content/PolygonFarm/Meshes/Generic/SM_Generic_Grass_Patch_02.uasset" 579
"C:/Development/VirtualAcres/Content/PolygonFarm/Meshes/Generic/SM_Generic_Grass_Patch_01.uasset" 580
"C:/Development/VirtualAcres/Content/PolygonFarm/Materials/Misc/Mat_PolygonFarm_Cloud.uasset" 581
"C:/Development/VirtualAcres/Content/PolygonFarm/Meshes/Generic/SM_Generic_Cloud_03.uasset" 582
"C:/Development/VirtualAcres/Content/PolygonFarm/Meshes/Generic/SM_Generic_Cloud_02.uasset" 583
"C:/Development/VirtualAcres/Content/PolygonFarm/Meshes/Generic/SM_Generic_Cloud_01.uasset" 584
"C:/Development/VirtualAcres/Content/PolygonFarm/Meshes/Environments/SM_Env_Vege_Rows_03.uasset" 585
"C:/Development/VirtualAcres/Content/PolygonFarm/Meshes/Environments/SM_Env_Vege_Rows_02.uasset" 586
"C:/Development/VirtualAcres/Content/PolygonFarm/Meshes/Environments/SM_Env_Vege_Rows_01.uasset" 587
"C:/Development/VirtualAcres/Content/PolygonFarm/Meshes/Environments/SM_Env_Tree_Plum_Grown_01.uasset" 588
"C:/Development/VirtualAcres/Content/PolygonFarm/Meshes/Environments/SM_Env_Tree_Plum_01.uasset" 589
"C:/Development/VirtualAcres/Content/PolygonFarm/Meshes/Environments/SM_Env_Tree_Pear_Grown_01.uasset" 590
"C:/Development/VirtualAcres/Content/PolygonFarm/Meshes/Environments/SM_Env_Tree_Pear_01.uasset" 591
"C:/Development/VirtualAcres/Content/PolygonFarm/Meshes/Environments/SM_Env_Tree_Peach_Grown_01.uasset" 592
"C:/Development/VirtualAcres/Content/PolygonFarm/Meshes/Environments/SM_Env_Tree_Peach_01.uasset" 593
"C:/Development/VirtualAcres/Content/PolygonFarm/Meshes/Environments/SM_Env_Tree_Orange_Grown_01.uasset" 594
"C:/Development/VirtualAcres/Content/PolygonFarm/Meshes/Environments/SM_Env_Tree_Orange_01.uasset" 595
"C:/Development/VirtualAcres/Content/PolygonFarm/Meshes/Environments/SM_Env_Tree_Lemon_Grown_01.uasset" 596
"C:/Development/VirtualAcres/Content/PolygonFarm/Meshes/Environments/SM_Env_Tree_Lemon_01.uasset" 597
"C:/Development/VirtualAcres/Content/PolygonFarm/Meshes/Environments/SM_Env_Tree_Large_Swing_01.uasset" 598
"C:/Development/VirtualAcres/Content/PolygonFarm/Meshes/Environments/SM_Env_Tree_Large_01.uasset" 599
"C:/Development/VirtualAcres/Content/PolygonFarm/Meshes/Environments/SM_Env_Tree_Cherry_Grown_01.uasset" 600
"C:/Development/VirtualAcres/Content/PolygonFarm/Meshes/Environments/SM_Env_Tree_Cherry_01.uasset" 601
"C:/Development/VirtualAcres/Content/PolygonFarm/Meshes/Environments/SM_Env_Tree_Apricot_Grown_01.uasset" 602
"C:/Development/VirtualAcres/Content/PolygonFarm/Meshes/Environments/SM_Env_Tree_Apricot_01.uasset" 603
"C:/Development/VirtualAcres/Content/PolygonFarm/Meshes/Environments/SM_Env_Tree_Apple_Grown_01.uasset" 604
"C:/Development/VirtualAcres/Content/PolygonFarm/Meshes/Environments/SM_Env_Tree_Apple_01.uasset" 605
"C:/Development/VirtualAcres/Content/PolygonFarm/Meshes/Environments/SM_Env_Road_Pebbles_01.uasset" 606
"C:/Development/VirtualAcres/Content/PolygonFarm/Meshes/Environments/SM_Env_Road_Gravel_T_Section_01.uasset" 607
"C:/Development/VirtualAcres/Content/PolygonFarm/Meshes/Environments/SM_Env_Road_Gravel_Swerve_02.uasset" 608
"C:/Development/VirtualAcres/Content/PolygonFarm/Meshes/Environments/SM_Env_Road_Gravel_Swerve_01.uasset" 609
"C:/Development/VirtualAcres/Content/PolygonFarm/Meshes/Props/SM_Prop_Rubbish_Pile_02.uasset" 610
"C:/Development/VirtualAcres/Content/PolygonFarm/Meshes/Props/SM_Prop_Rubbish_Pile_01.uasset" 611
"C:/Development/VirtualAcres/Content/PolygonFarm/Meshes/Props/SM_Prop_Rubbish_07.uasset" 612
"C:/Development/VirtualAcres/Content/PolygonFarm/Meshes/Props/SM_Prop_Rubbish_04.uasset" 613
"C:/Development/VirtualAcres/Content/PolygonFarm/Meshes/Props/SM_Prop_Rubbish_03.uasset" 614
"C:/Development/VirtualAcres/Content/PolygonFarm/Meshes/Props/SM_Prop_Ranch_Sign_Text_01.uasset" 615
"C:/Development/VirtualAcres/Content/PolygonFarm/Meshes/Props/SM_Prop_Ranch_Sign_01.uasset" 616
"C:/Development/VirtualAcres/Content/PolygonFarm/Meshes/Props/SM_Prop_Rack_01.uasset" 617
"C:/Development/VirtualAcres/Content/PolygonFarm/Meshes/Props/SM_Prop_Power_Pole_01.uasset" 618
"C:/Development/VirtualAcres/Content/PolygonFarm/Meshes/Props/SM_Prop_Power_Lines_01.uasset" 619
"C:/Development/VirtualAcres/Content/PolygonFarm/Meshes/Props/SM_Prop_Pot_02.uasset" 620
"C:/Development/VirtualAcres/Content/PolygonFarm/Meshes/Props/SM_Prop_Pot_01.uasset" 621
"C:/Development/VirtualAcres/Content/PolygonFarm/Meshes/Props/SM_Prop_PlasticBin_01.uasset" 622
"C:/Development/VirtualAcres/Content/PolygonFarm/Meshes/Props/SM_Prop_PlantBox_Large_01.uasset" 623
"C:/Development/VirtualAcres/Content/PolygonFarm/Meshes/Props/SM_Prop_PalletCrate_01.uasset" 624
"C:/Development/VirtualAcres/Content/PolygonFarm/Meshes/Props/SM_Prop_LetterBox_Group_02.uasset" 625
"C:/Development/VirtualAcres/Content/PolygonFarm/Meshes/Props/SM_Prop_LetterBox_04.uasset" 626
"C:/Development/VirtualAcres/Content/PolygonFarm/Meshes/Props/SM_Prop_LetterBox_03.uasset" 627
"C:/Development/VirtualAcres/Content/PolygonFarm/Meshes/Props/SM_Prop_Horse_Jump_03.uasset" 628
"C:/Development/VirtualAcres/Content/PolygonFarm/Meshes/Props/SM_Prop_Horse_Jump_02.uasset" 629
"C:/Development/VirtualAcres/Content/PolygonFarm/Meshes/Props/SM_Prop_Horse_Jump_01.uasset" 630
"C:/Development/VirtualAcres/Content/PolygonFarm/Meshes/Props/SM_Prop_Hay_Bale_Square_Plastic_01.uasset" 631
"C:/Development/VirtualAcres/Content/PolygonFarm/Meshes/Props/SM_Prop_Hay_Bale_Square_02.uasset" 632
"C:/Development/VirtualAcres/Content/PolygonFarm/Meshes/Props/SM_Prop_Hay_Bale_Round_Plastic_01.uasset" 633
"C:/Development/VirtualAcres/Content/PolygonFarm/Meshes/Props/SM_Prop_Hay_Bale_Round_02.uasset" 634
"C:/Development/VirtualAcres/Content/PolygonFarm/Meshes/Props/SM_Prop_Hay_Bale_Round_01.uasset" 635
"C:/Development/VirtualAcres/Content/PolygonFarm/Meshes/Props/SM_Prop_GrainBag_Open_02.uasset" 636
"C:/Development/VirtualAcres/Content/PolygonFarm/Meshes/Props/SM_Prop_GrainBag_Open_01.uasset" 637
"C:/Development/VirtualAcres/Content/PolygonFarm/Meshes/Props/SM_Prop_GrainBag_01.uasset" 638
"C:/Development/VirtualAcres/Content/PolygonFarm/Meshes/Props/SM_Prop_Gastank_01.uasset" 639
"C:/Development/VirtualAcres/Content/PolygonFarm/Meshes/Props/SM_Prop_GasCan_01.uasset" 640
"C:/Development/VirtualAcres/Content/PolygonFarm/Meshes/Props/SM_Prop_Fence_Wood_Round_Pole_01.uasset" 641
"C:/Development/VirtualAcres/Content/PolygonFarm/Meshes/Props/SM_Prop_Fence_Wood_Round_02.uasset" 642
"C:/Development/VirtualAcres/Content/PolygonFarm/Meshes/Props/SM_Prop_Fence_Wood_Round_01.uasset" 643
"C:/Development/VirtualAcres/Content/PolygonFarm/Meshes/Props/SM_Prop_Fence_Wire_Pole_01.uasset" 644
"C:/Development/VirtualAcres/Content/PolygonFarm/Meshes/Props/SM_Prop_Fence_Wire_02.uasset" 645
"C:/Development/VirtualAcres/Content/PolygonFarm/Meshes/Props/SM_Prop_Fence_Wire_01.uasset" 646
"C:/Development/VirtualAcres/Content/PolygonFarm/Meshes/Props/SM_Prop_Fence_Fancy_Pole_Spike_01.uasset" 647
"C:/Development/VirtualAcres/Content/PolygonFarm/Meshes/Props/SM_Prop_Fence_Fancy_Pole_01.uasset" 648
"C:/Development/VirtualAcres/Content/PolygonFarm/Meshes/Props/SM_Prop_Fence_Fancy_Gate_Door_02.uasset" 649
"C:/Development/VirtualAcres/Content/PolygonFarm/Meshes/Props/SM_Prop_Fence_Fancy_Gate_Door_01.uasset" 650
"C:/Development/VirtualAcres/Content/PolygonFarm/Meshes/Props/SM_Prop_Fence_Fancy_Gate_02.uasset" 651
"C:/Development/VirtualAcres/Content/PolygonFarm/Meshes/Props/SM_Prop_Fence_Fancy_Gate_01.uasset" 652
"C:/Development/VirtualAcres/Content/PolygonFarm/Meshes/Props/SM_Prop_Fence_Fancy_01.uasset" 653
"C:/Development/VirtualAcres/Content/PolygonFarm/Meshes/Props/SM_Prop_Crate_01.uasset" 654
"C:/Development/VirtualAcres/Content/PolygonFarm/Meshes/Props/SM_Prop_ClothesLine_03.uasset" 655
"C:/Development/VirtualAcres/Content/PolygonFarm/Meshes/Props/SM_Prop_ClothesLine_02.uasset" 656
"C:/Development/VirtualAcres/Content/PolygonFarm/Meshes/Props/SM_Prop_ClothesLine_01.uasset" 657
"C:/Development/VirtualAcres/Content/PolygonFarm/Meshes/Props/SM_Prop_Chicken_Coop_01.uasset" 658
"C:/Development/VirtualAcres/Content/PolygonFarm/Meshes/Props/SM_Prop_Chair_01.uasset" 659
"C:/Development/VirtualAcres/Content/PolygonFarm/Meshes/Props/SM_Prop_ChainSaw_01.uasset" 660
"C:/Development/VirtualAcres/Content/PolygonFarm/Meshes/Props/SM_Prop_Can_02.uasset" 661
"C:/Development/VirtualAcres/Content/PolygonFarm/Meshes/Props/SM_Prop_Can_01.uasset" 662
"C:/Development/VirtualAcres/Content/PolygonFarm/Meshes/Props/SM_Prop_Bench_01.uasset" 663
"C:/Development/VirtualAcres/Content/PolygonFarm/Meshes/Props/SM_Prop_Beehive_06.uasset" 664
"C:/Development/VirtualAcres/Content/PolygonFarm/Meshes/Props/SM_Prop_Beehive_05.uasset" 665
"C:/Development/VirtualAcres/Content/PolygonFarm/Meshes/Props/SM_Prop_Beehive_04.uasset" 666
"C:/Development/VirtualAcres/Content/PolygonFarm/Meshes/Props/SM_Prop_Beehive_03.uasset" 667
"C:/Development/VirtualAcres/Content/PolygonFarm/Meshes/Props/SM_Prop_Beehive_02.uasset" 668
"C:/Development/VirtualAcres/Content/PolygonFarm/Meshes/Props/SM_Prop_Beehive_01.uasset" 669
"C:/Development/VirtualAcres/Content/PolygonFarm/Meshes/Props/SM_Prop_Bed_01.uasset" 670
"C:/Development/VirtualAcres/Content/PolygonFarm/Meshes/Props/SM_Prop_Barrel_Half_01.uasset" 671
"C:/Development/VirtualAcres/Content/PolygonFarm/Meshes/Props/SM_Prop_Barrel_01.uasset" 672
"C:/Development/VirtualAcres/Content/PolygonFarm/Meshes/Props/SM_Prop_Anvil_01.uasset" 673
"C:/Development/VirtualAcres/Content/PolygonFarm/Meshes/Plants/SM_Prop_Watermelon_01_S.uasset" 674
"C:/Development/VirtualAcres/Content/PolygonFarm/Meshes/Plants/SM_Prop_Watermelon_01_M.uasset" 675
"C:/Development/VirtualAcres/Content/PolygonFarm/Meshes/Plants/SM_Prop_Watermelon_01_L.uasset" 676
"C:/Development/VirtualAcres/Content/PolygonFarm/Meshes/Plants/SM_Prop_Watermelon_01.uasset" 677
"C:/Development/VirtualAcres/Content/PolygonFarm/Meshes/Plants/SM_Prop_Sunflower_02.uasset" 678
"C:/Development/VirtualAcres/Content/PolygonFarm/Meshes/Plants/SM_Prop_Sunflower_01.uasset" 679
"C:/Development/VirtualAcres/Content/PolygonFarm/Meshes/Plants/SM_Prop_Squash_Delicata_01_L.uasset" 680
"C:/Development/VirtualAcres/Content/PolygonFarm/Meshes/Plants/SM_Prop_Squash_Delicata_01.uasset" 681
"C:/Development/VirtualAcres/Content/PolygonFarm/Meshes/Plants/SM_Prop_Squash_Butternut_01.uasset" 682
"C:/Development/VirtualAcres/Content/PolygonFarm/Meshes/Plants/SM_Prop_Pumpkin_Italian_01.uasset" 683
"C:/Development/VirtualAcres/Content/PolygonFarm/Meshes/Plants/SM_Prop_Pumpkin_01_M.uasset" 684
"C:/Development/VirtualAcres/Content/PolygonFarm/Meshes/Plants/SM_Prop_Pumpkin_01_L.uasset" 685
"C:/Development/VirtualAcres/Content/PolygonFarm/Meshes/Plants/SM_Prop_Pumpkin_01.uasset" 686
"C:/Development/VirtualAcres/Content/PolygonFarm/Meshes/Plants/SM_Prop_Plant_Wheat_Optimised_04.uasset" 687
"C:/Development/VirtualAcres/Content/PolygonFarm/Meshes/Plants/SM_Prop_Plant_Wheat_Optimised_03.uasset" 688
"C:/Development/VirtualAcres/Content/PolygonFarm/Meshes/Plants/SM_Prop_Plant_Wheat_Optimised_02.uasset" 689
"C:/Development/VirtualAcres/Content/PolygonFarm/Meshes/Plants/SM_Prop_Plant_Wheat_Optimised_01.uasset" 690
"C:/Development/VirtualAcres/Content/PolygonFarm/Meshes/Plants/SM_Prop_Plant_Wheat_Cut_02.uasset" 691
"C:/Development/VirtualAcres/Content/PolygonFarm/Meshes/Plants/SM_Prop_Plant_Wheat_Cut_01.uasset" 692
"C:/Development/VirtualAcres/Content/PolygonFarm/Meshes/Plants/SM_Prop_Plant_Strawberry_01.uasset" 693
"C:/Development/VirtualAcres/Content/PolygonFarm/Meshes/Environments/SM_Env_Road_Gravel_Straight_01.uasset" 694
"C:/Development/VirtualAcres/Content/PolygonFarm/Meshes/Environments/SM_Env_Road_GrassEdge_02.uasset" 695
"C:/Development/VirtualAcres/Content/PolygonFarm/Meshes/Environments/SM_Env_Road_GrassEdge_01.uasset" 696
"C:/Development/VirtualAcres/Content/PolygonFarm/Meshes/Environments/SM_Env_Road_Dirt_Straight_01.uasset" 697
"C:/Development/VirtualAcres/Content/PolygonFarm/Meshes/Environments/SM_Env_Road_Dirt_End_02.uasset" 698
"C:/Development/VirtualAcres/Content/PolygonFarm/Meshes/Environments/SM_Env_Road_Dirt_Corner_02.uasset" 699
"C:/Development/VirtualAcres/Content/PolygonFarm/Meshes/Environments/SM_Env_Reeds_03.uasset" 700
"C:/Development/VirtualAcres/Content/PolygonFarm/Meshes/Environments/SM_Env_Reeds_02.uasset" 701
"C:/Development/VirtualAcres/Content/PolygonFarm/Meshes/Environments/SM_Env_Reeds_01.uasset" 702
"C:/Development/VirtualAcres/Content/PolygonFarm/Meshes/Environments/SM_Env_PuddlePlane_01.uasset" 703
"C:/Development/VirtualAcres/Content/PolygonFarm/Meshes/Environments/SM_Env_Pond_Water_01.uasset" 704
"C:/Development/VirtualAcres/Content/PolygonFarm/Meshes/Environments/SM_Env_Pond_01.uasset" 705
"C:/Development/VirtualAcres/Content/PolygonFarm/Meshes/Environments/SM_Env_Pebbles_03.uasset" 706
"C:/Development/VirtualAcres/Content/PolygonFarm/Meshes/Environments/SM_Env_Pebbles_02.uasset" 707
"C:/Development/VirtualAcres/Content/PolygonFarm/Meshes/Environments/SM_Env_Pebbles_01.uasset" 708
"C:/Development/VirtualAcres/Content/PolygonFarm/Meshes/Environments/SM_Env_Lillypads_02.uasset" 709
"C:/Development/VirtualAcres/Content/PolygonFarm/Meshes/Environments/SM_Env_Lillypads_01.uasset" 710
"C:/Development/VirtualAcres/Content/PolygonFarm/Textures/T_PolygonFarm_02_A.uasset" 711
"C:/Development/VirtualAcres/Content/PolygonFarm/Materials/Mat_PolygonFarm_02_A.uasset" 712
"C:/Development/VirtualAcres/Content/PolygonFarm/Meshes/Environments/SM_Env_Flowers_03.uasset" 713
"C:/Development/VirtualAcres/Content/PolygonFarm/Meshes/Environments/SM_Env_Flowers_02.uasset" 714
"C:/Development/VirtualAcres/Content/PolygonFarm/Meshes/Environments/SM_Env_Flowers_01.uasset" 715
"C:/Development/VirtualAcres/Content/PolygonFarm/Meshes/Environments/SM_Env_Dirt_Skirt_01.uasset" 716
"C:/Development/VirtualAcres/Content/PolygonFarm/Meshes/Environments/SM_Env_Dirt_Rows_End_Top_01.uasset" 717
"C:/Development/VirtualAcres/Content/PolygonFarm/Meshes/Environments/SM_Env_Dirt_Rows_End_Bottom_01.uasset" 718
"C:/Development/VirtualAcres/Content/PolygonFarm/Meshes/Environments/SM_Env_Dirt_Rows_Center_01.uasset" 719
"C:/Development/VirtualAcres/Content/PolygonFarm/Meshes/Buildings/SM_Bld_WaterTower_01.uasset" 720
"C:/Development/VirtualAcres/Content/PolygonFarm/Meshes/Buildings/SM_Bld_Silo_Small_01.uasset" 721
"C:/Development/VirtualAcres/Content/PolygonFarm/Meshes/Buildings/SM_Bld_Silo_01.uasset" 722
"C:/Development/VirtualAcres/Content/PolygonFarm/Meshes/Buildings/SM_Bld_Shelter_01.uasset" 723
"C:/Development/VirtualAcres/Content/PolygonFarm/Meshes/Buildings/SM_Bld_ProduceStand_01.uasset" 724
"C:/Development/VirtualAcres/Content/PolygonFarm/Meshes/Buildings/SM_Bld_Outhouse_Door_01.uasset" 725
"C:/Development/VirtualAcres/Content/PolygonFarm/Meshes/Buildings/SM_Bld_Outhouse_01.uasset" 726
"C:/Development/VirtualAcres/Content/PolygonFarm/Materials/Misc/Mat_PolygonFarm_Plastic.uasset" 727
"C:/Development/VirtualAcres/Content/PolygonFarm/Meshes/Buildings/SM_Bld_Greenhouse_Large_Door_01.uasset" 728
"C:/Development/VirtualAcres/Content/PolygonFarm/Meshes/Buildings/SM_Bld_Greenhouse_Large_01.uasset" 729
"C:/Development/VirtualAcres/Content/PolygonFarm/Meshes/Buildings/SM_Bld_Greenhouse_Door_01.uasset" 730
"C:/Development/VirtualAcres/Content/PolygonFarm/Meshes/Buildings/SM_Bld_Greenhouse_01.uasset" 731
"C:/Development/VirtualAcres/Content/PolygonFarm/Meshes/Buildings/SM_Bld_Garage_01_Door.uasset" 732
"C:/Development/VirtualAcres/Content/PolygonFarm/Meshes/Buildings/SM_Bld_Garage_01.uasset" 733
"C:/Development/VirtualAcres/Content/PolygonFarm/Meshes/Buildings/SM_Bld_Farmhouse_Door_01.uasset" 734
"C:/Development/VirtualAcres/Content/PolygonFarm/Meshes/Buildings/SM_Bld_Farmhouse_02.uasset" 735
"C:/Development/VirtualAcres/Content/PolygonFarm/Meshes/Buildings/SM_Bld_Farmhouse_01.uasset" 736
"C:/Development/VirtualAcres/Content/PolygonFarm/Meshes/Buildings/SM_Bld_ConcreteBase_01.uasset" 737
"C:/Development/VirtualAcres/Content/PolygonFarm/Meshes/Buildings/SM_Bld_Barn_Shutter_01.uasset" 738
"C:/Development/VirtualAcres/Content/PolygonFarm/Meshes/Buildings/SM_Bld_Barn_03.uasset" 739
"C:/Development/VirtualAcres/Content/PolygonFarm/Meshes/Buildings/SM_Bld_Barn_02.uasset" 740
"C:/Development/VirtualAcres/Content/PolygonFarm/Meshes/Buildings/SM_Bld_Barn_01.uasset" 741
"C:/Development/VirtualAcres/Content/PolygonFarm/Materials/Mat_Plant_Leaves_Animated_Instance.uasset" 742
"C:/Development/VirtualAcres/Content/PolygonFarm/Textures/T_PolygonFarm_04_A.uasset" 743
"C:/Development/VirtualAcres/Content/PolygonFarm/Materials/Mat_PolygonFarm_04_A.uasset" 744
"C:/Development/VirtualAcres/Content/PolygonFarm/Textures/T_PolygonFarm_03_A.uasset" 745
"C:/Development/VirtualAcres/Content/PolygonFarm/Materials/Mat_PolygonFarm_03_A.uasset" 746
"C:/Development/VirtualAcres/Content/PolygonFarm/Meshes/Buildings/SM_Bld_Barn_Door_01.uasset" 747
"C:/Development/VirtualAcres/Content/PolygonFarm/Maps/Demonstration_BuiltData.uasset" 748
"C:/Development/VirtualAcres/Content/PolygonFarm/Textures/T_PolygonFarm_Wheat.uasset" 749
"C:/Development/VirtualAcres/Content/PolygonFarm/Materials/Misc/Mat_PolygonFarm_Wheat_FX.uasset" 750
"C:/Development/VirtualAcres/Content/PolygonFarm/Materials/Misc/Mat_PolygonFarm_FX_02.uasset" 751
"C:/Development/VirtualAcres/Content/PolygonFarm/Materials/Misc/Mat_PolygonFarm_FX.uasset" 752
"C:/Development/VirtualAcres/Content/PolygonFarm/Meshes/FX/FX_Sphere.uasset" 753
"C:/Development/VirtualAcres/Content/PolygonFarm/FX/FX_Wheat_Spray.uasset" 754
"C:/Development/VirtualAcres/Content/PolygonFarm/FX/FX_Sprinkler.uasset" 755
"C:/Development/VirtualAcres/Content/PolygonFarm/Meshes/FX/FX_SprayerLocation_Skeleton.uasset" 756
"C:/Development/VirtualAcres/Content/PolygonFarm/Meshes/FX/FX_SprayerLocation_PhysicsAsset.uasset" 757
"C:/Development/VirtualAcres/Content/PolygonFarm/Meshes/FX/Blank_Mat_FX.uasset" 758
"C:/Development/VirtualAcres/Content/PolygonFarm/Meshes/FX/FX_SprayerLocation.uasset" 759
"C:/Development/VirtualAcres/Content/PolygonFarm/FX/FX_Sprayer.uasset" 760
"C:/Development/VirtualAcres/Content/PolygonFarm/FX/FX_Pollen_Small.uasset" 761
"C:/Development/VirtualAcres/Content/PolygonFarm/FX/FX_Pollen_Large.uasset" 762
"C:/Development/VirtualAcres/Content/PolygonFarm/FX/FX_Dust.uasset" 763
"C:/Development/VirtualAcres/Content/PolygonFarm/Maps/Demonstration.umap" 764
"C:/Development/VirtualAcres/Content/PolygonFarm/Meshes/Props/SM_Prop_Weathervane_02.uasset" 765
"C:/Development/VirtualAcres/Content/PolygonFarm/Meshes/Props/SM_Prop_Tool_Scythe_01.uasset" 766
"C:/Development/VirtualAcres/Content/PolygonFarm/Meshes/Props/SM_Prop_Tool_Pitchfork_01.uasset" 767
"C:/Development/VirtualAcres/Content/PolygonFarm/Meshes/Props/SM_Prop_Tool_Hoe_01.uasset" 768
"C:/Development/VirtualAcres/Content/PolygonFarm/Meshes/Props/SM_Prop_Stop_Sign_01.uasset" 769
"C:/Development/VirtualAcres/Content/PolygonFarm/Meshes/Props/SM_Prop_SignPost_03.uasset" 770
"C:/Development/VirtualAcres/Content/PolygonFarm/Meshes/Props/SM_Prop_Sign_Plums_01.uasset" 771
"C:/Development/VirtualAcres/Content/PolygonFarm/Meshes/Props/SM_Prop_Rubbish_09.uasset" 772
"C:/Development/VirtualAcres/Content/PolygonFarm/Meshes/Props/SM_Prop_Rubbish_08.uasset" 773
"C:/Development/VirtualAcres/Content/PolygonFarm/Meshes/Props/SM_Prop_Rubbish_06.uasset" 774
"C:/Development/VirtualAcres/Content/PolygonFarm/Meshes/Props/SM_Prop_Rubbish_05.uasset" 775
"C:/Development/VirtualAcres/Content/PolygonFarm/Meshes/Props/SM_Prop_Rubbish_02.uasset" 776
"C:/Development/VirtualAcres/Content/PolygonFarm/Meshes/Props/SM_Prop_Rubbish_01.uasset" 777
"C:/Development/VirtualAcres/Content/PolygonFarm/Meshes/Props/SM_Prop_LetterBox_Signal_Flag_01.uasset" 778
"C:/Development/VirtualAcres/Content/PolygonFarm/Meshes/Props/SM_Prop_LetterBox_Numbers_04.uasset" 779
"C:/Development/VirtualAcres/Content/PolygonFarm/Meshes/Props/SM_Prop_LetterBox_Numbers_03.uasset" 780
"C:/Development/VirtualAcres/Content/PolygonFarm/Meshes/Props/SM_Prop_LetterBox_Numbers_02.uasset" 781
"C:/Development/VirtualAcres/Content/PolygonFarm/Meshes/Props/SM_Prop_LetterBox_Numbers_01.uasset" 782
"C:/Development/VirtualAcres/Content/PolygonFarm/Meshes/Props/SM_Prop_LetterBox_Group_01.uasset" 783
"C:/Development/VirtualAcres/Content/PolygonFarm/Meshes/Props/SM_Prop_LetterBox_Generic_Flap_01.uasset" 784
"C:/Development/VirtualAcres/Content/PolygonFarm/Meshes/Props/SM_Prop_LetterBox_Generic_01.uasset" 785
"C:/Development/VirtualAcres/Content/PolygonFarm/Meshes/Props/SM_Prop_LetterBox_07.uasset" 786
"C:/Development/VirtualAcres/Content/PolygonFarm/Meshes/Props/SM_Prop_LetterBox_06.uasset" 787
"C:/Development/VirtualAcres/Content/PolygonFarm/Meshes/Props/SM_Prop_LetterBox_05.uasset" 788
"C:/Development/VirtualAcres/Content/PolygonFarm/Meshes/Props/SM_Prop_LetterBox_02.uasset" 789
"C:/Development/VirtualAcres/Content/PolygonFarm/Meshes/Props/SM_Prop_LetterBox_01.uasset" 790
"C:/Development/VirtualAcres/Content/PolygonFarm/Meshes/Props/SM_Prop_Hay_Pile_02_Green.uasset" 791
"C:/Development/VirtualAcres/Content/PolygonFarm/Meshes/Props/SM_Prop_Hay_Pile_02.uasset" 792
"C:/Development/VirtualAcres/Content/PolygonFarm/Meshes/Props/SM_Prop_Hay_Pile_01_Green.uasset" 793
"C:/Development/VirtualAcres/Content/PolygonFarm/Meshes/Props/SM_Prop_Hay_Pile_01.uasset" 794
"C:/Development/VirtualAcres/Content/PolygonFarm/Meshes/Props/SM_Prop_Hay_Bale_Square_03_Green.uasset" 795
"C:/Development/VirtualAcres/Content/PolygonFarm/Meshes/Props/SM_Prop_Hay_Bale_Square_03.uasset" 796
"C:/Development/VirtualAcres/Content/PolygonFarm/Meshes/Props/SM_Prop_Hay_Bale_Square_02_Green.uasset" 797
"C:/Development/VirtualAcres/Content/PolygonFarm/Meshes/Props/SM_Prop_Hay_Bale_Square_01_Green.uasset" 798
"C:/Development/VirtualAcres/Content/PolygonFarm/Meshes/Props/SM_Prop_Hay_Bale_Square_01.uasset" 799
"C:/Development/VirtualAcres/Content/PolygonFarm/Meshes/Props/SM_Prop_Hay_Bale_Round_02_Green.uasset" 800
"C:/Development/VirtualAcres/Content/PolygonFarm/Meshes/Props/SM_Prop_Hay_Bale_Round_01_Green.uasset" 801
"C:/Development/VirtualAcres/Content/PolygonFarm/Meshes/Props/SM_Prop_Fence_Wood_Round_Inset_01.uasset" 802
"C:/Development/VirtualAcres/Content/PolygonFarm/Meshes/Props/SM_Prop_Fence_Wood_Pole_Inset_01.uasset" 803
"C:/Development/VirtualAcres/Content/PolygonFarm/Meshes/Props/SM_Prop_Fence_Wood_Pole_02.uasset" 804
"C:/Development/VirtualAcres/Content/PolygonFarm/Meshes/Props/SM_Prop_Fence_Wood_Pole_01.uasset" 805
"C:/Development/VirtualAcres/Content/PolygonFarm/Meshes/Props/SM_Prop_Fence_Wood_Gate_Door_01.uasset" 806
"C:/Development/VirtualAcres/Content/PolygonFarm/Meshes/Props/SM_Prop_Fence_Wood_Gate_01.uasset" 807
"C:/Development/VirtualAcres/Content/PolygonFarm/Meshes/Props/SM_Prop_Fence_Wood_03.uasset" 808
"C:/Development/VirtualAcres/Content/PolygonFarm/Meshes/Props/SM_Prop_Fence_Wood_02.uasset" 809
"C:/Development/VirtualAcres/Content/PolygonFarm/Meshes/Props/SM_Prop_Fence_Wood_01.uasset" 810
"C:/Development/VirtualAcres/Content/PolygonFarm/Meshes/Props/SM_Prop_Fence_Wire_Gate_01.uasset" 811
"C:/Development/VirtualAcres/Content/PolygonFarm/Meshes/Props/SM_Prop_Fence_Wire_04.uasset" 812
"C:/Development/VirtualAcres/Content/PolygonFarm/Meshes/Props/SM_Prop_Fence_Wire_03.uasset" 813
"C:/Development/VirtualAcres/Content/PolygonFarm/Meshes/Props/SM_Prop_Fence_Painted_Pole_02.uasset" 814
"C:/Development/VirtualAcres/Content/PolygonFarm/Meshes/Props/SM_Prop_Fence_Painted_Pole_01.uasset" 815
"C:/Development/VirtualAcres/Content/PolygonFarm/Meshes/Props/SM_Prop_Fence_Painted_02.uasset" 816
"C:/Development/VirtualAcres/Content/PolygonFarm/Meshes/Props/SM_Prop_Fence_Painted_01.uasset" 817
"C:/Development/VirtualAcres/Content/PolygonFarm/Meshes/Props/SM_Prop_Fence_Fancy_Pole_Spike_02.uasset" 818
"C:/Development/VirtualAcres/Content/PolygonFarm/Meshes/Props/SM_Prop_Fence_Fancy_Pole_03.uasset" 819
"C:/Development/VirtualAcres/Content/PolygonFarm/Meshes/Props/SM_Prop_Fence_Fancy_Pole_02.uasset" 820
"C:/Development/VirtualAcres/Content/PolygonFarm/Meshes/Props/SM_Prop_Fence_Fancy_03.uasset" 821
"C:/Development/VirtualAcres/Content/PolygonFarm/Meshes/Props/SM_Prop_Fence_Fancy_02.uasset" 822
"C:/Development/VirtualAcres/Content/PolygonFarm/Meshes/Props/SM_Prop_Chicken_Coop_Cage_Door_01.uasset" 823
"C:/Development/VirtualAcres/Content/PolygonFarm/Meshes/Props/SM_Prop_Chicken_Coop_Cage_01.uasset" 824
"C:/Development/VirtualAcres/Content/PolygonFarm/Meshes/Props/SM_Prop_Chair_Rocking_01.uasset" 825
"C:/Development/VirtualAcres/Content/PolygonFarm/Meshes/Props/SM_Prop_Barrel_02.uasset" 826
"C:/Development/VirtualAcres/Content/PolygonFarm/Meshes/Plants/SM_Prop_Tomato_01_S.uasset" 827
"C:/Development/VirtualAcres/Content/PolygonFarm/Meshes/Plants/SM_Prop_Tomato_01_M.uasset" 828
"C:/Development/VirtualAcres/Content/PolygonFarm/Meshes/Plants/SM_Prop_Tomato_01_L.uasset" 829
"C:/Development/VirtualAcres/Content/PolygonFarm/Meshes/Plants/SM_Prop_Tomato_01_Group.uasset" 830
"C:/Development/VirtualAcres/Content/PolygonFarm/Meshes/Plants/SM_Prop_Tomato_01.uasset" 831
"C:/Development/VirtualAcres/Content/PolygonFarm/Meshes/Plants/SM_Prop_Strawberry_01_S.uasset" 832
"C:/Development/VirtualAcres/Content/PolygonFarm/Meshes/Plants/SM_Prop_Strawberry_01_M.uasset" 833
"C:/Development/VirtualAcres/Content/PolygonFarm/Meshes/Plants/SM_Prop_Strawberry_01_L.uasset" 834
"C:/Development/VirtualAcres/Content/PolygonFarm/Meshes/Plants/SM_Prop_Strawberry_01_Group.uasset" 835
"C:/Development/VirtualAcres/Content/PolygonFarm/Meshes/Plants/SM_Prop_Strawberry_01.uasset" 836
"C:/Development/VirtualAcres/Content/PolygonFarm/Meshes/Plants/SM_Prop_Squash_Delicata_01_S.uasset" 837
"C:/Development/VirtualAcres/Content/PolygonFarm/Meshes/Plants/SM_Prop_Squash_Delicata_01_M.uasset" 838
"C:/Development/VirtualAcres/Content/PolygonFarm/Meshes/Plants/SM_Prop_Squash_Butternut_01_S.uasset" 839
"C:/Development/VirtualAcres/Content/PolygonFarm/Meshes/Plants/SM_Prop_Squash_Butternut_01_M.uasset" 840
"C:/Development/VirtualAcres/Content/PolygonFarm/Meshes/Plants/SM_Prop_Squash_Butternut_01_L.uasset" 841
"C:/Development/VirtualAcres/Content/PolygonFarm/Meshes/Plants/SM_Prop_Pumpkin_White_01_S.uasset" 842
"C:/Development/VirtualAcres/Content/PolygonFarm/Meshes/Plants/SM_Prop_Pumpkin_White_01_M.uasset" 843
"C:/Development/VirtualAcres/Content/PolygonFarm/Meshes/Plants/SM_Prop_Pumpkin_White_01_L.uasset" 844
"C:/Development/VirtualAcres/Content/PolygonFarm/Meshes/Plants/SM_Prop_Pumpkin_White_01.uasset" 845
"C:/Development/VirtualAcres/Content/PolygonFarm/Meshes/Plants/SM_Prop_Pumpkin_Italian_01_S.uasset" 846
"C:/Development/VirtualAcres/Content/PolygonFarm/Meshes/Plants/SM_Prop_Pumpkin_Italian_01_M.uasset" 847
"C:/Development/VirtualAcres/Content/PolygonFarm/Meshes/Plants/SM_Prop_Pumpkin_Italian_01_L.uasset" 848
"C:/Development/VirtualAcres/Content/PolygonFarm/Meshes/Plants/SM_Prop_Pumpkin_01_S.uasset" 849
"C:/Development/VirtualAcres/Content/PolygonFarm/Meshes/Plants/SM_Prop_Potato_02.uasset" 850
"C:/Development/VirtualAcres/Content/PolygonFarm/Meshes/Plants/SM_Prop_Potato_01_Group.uasset" 851
"C:/Development/VirtualAcres/Content/PolygonFarm/Meshes/Plants/SM_Prop_Potato_01.uasset" 852
"C:/Development/VirtualAcres/Content/PolygonFarm/Meshes/Plants/SM_Prop_Plum_01_Group.uasset" 853
"C:/Development/VirtualAcres/Content/PolygonFarm/Meshes/Plants/SM_Prop_Plum_01.uasset" 854
"C:/Development/VirtualAcres/Content/PolygonFarm/Meshes/Plants/SM_Prop_Plant_Wheat_04.uasset" 855
"C:/Development/VirtualAcres/Content/PolygonFarm/Meshes/Plants/SM_Prop_Plant_Wheat_03.uasset" 856
"C:/Development/VirtualAcres/Content/PolygonFarm/Meshes/Plants/SM_Prop_Plant_Wheat_02.uasset" 857
"C:/Development/VirtualAcres/Content/PolygonFarm/Meshes/Plants/SM_Prop_Plant_Wheat_01.uasset" 858
"C:/Development/VirtualAcres/Content/PolygonFarm/Meshes/Plants/SM_Prop_Plant_Ground_03_S.uasset" 859
"C:/Development/VirtualAcres/Content/PolygonFarm/Meshes/Plants/SM_Prop_Plant_Ground_03_M.uasset" 860
"C:/Development/VirtualAcres/Content/PolygonFarm/Meshes/Plants/SM_Prop_Plant_Ground_03_L2.uasset" 861
"C:/Development/VirtualAcres/Content/PolygonFarm/Meshes/Plants/SM_Prop_Plant_Ground_03_L.uasset" 862
"C:/Development/VirtualAcres/Content/PolygonFarm/Meshes/Plants/SM_Prop_Plant_Ground_02_S.uasset" 863
"C:/Development/VirtualAcres/Content/PolygonFarm/Meshes/Plants/SM_Prop_Plant_Ground_01_S.uasset" 864
"C:/Development/VirtualAcres/Content/PolygonFarm/Meshes/Plants/SM_Prop_Plant_Corn_01_S.uasset" 865
"C:/Development/VirtualAcres/Content/PolygonFarm/Meshes/Plants/SM_Prop_Plant_Corn_01.uasset" 866
"C:/Development/VirtualAcres/Content/PolygonFarm/Meshes/Plants/SM_Prop_Plant_Bush_03_S.uasset" 867
"C:/Development/VirtualAcres/Content/PolygonFarm/Meshes/Plants/SM_Prop_Plant_Bush_03_M.uasset" 868
"C:/Development/VirtualAcres/Content/PolygonFarm/Meshes/Plants/SM_Prop_Plant_Bush_03_L.uasset" 869
"C:/Development/VirtualAcres/Content/PolygonFarm/Meshes/Plants/SM_Prop_Plant_Bush_02_S.uasset" 870
"C:/Development/VirtualAcres/Content/PolygonFarm/Meshes/Plants/SM_Prop_Plant_Bush_02_M.uasset" 871
"C:/Development/VirtualAcres/Content/PolygonFarm/Meshes/Plants/SM_Prop_Plant_Bush_02_L.uasset" 872
"C:/Development/VirtualAcres/Content/PolygonFarm/Meshes/Plants/SM_Prop_Plant_Bush_01_S.uasset" 873
"C:/Development/VirtualAcres/Content/PolygonFarm/Meshes/Plants/SM_Prop_Plant_Bush_01_Pepper.uasset" 874
"C:/Development/VirtualAcres/Content/PolygonFarm/Meshes/Plants/SM_Prop_Plant_Bush_01_M.uasset" 875
"C:/Development/VirtualAcres/Content/PolygonFarm/Meshes/Plants/SM_Prop_Plant_Bush_01_Bean.uasset" 876
"C:/Development/VirtualAcres/Content/PolygonFarm/Meshes/Plants/SM_Prop_Pepper_01_S.uasset" 877
"C:/Development/VirtualAcres/Content/PolygonFarm/Meshes/Plants/SM_Prop_Pepper_01_M.uasset" 878
"C:/Development/VirtualAcres/Content/PolygonFarm/Meshes/Plants/SM_Prop_Pepper_01_L.uasset" 879
"C:/Development/VirtualAcres/Content/PolygonFarm/Meshes/Plants/SM_Prop_Pepper_01_Group.uasset" 880
"C:/Development/VirtualAcres/Content/PolygonFarm/Meshes/Plants/SM_Prop_Pepper_01.uasset" 881
"C:/Development/VirtualAcres/Content/PolygonFarm/Meshes/Plants/SM_Prop_Pear_01_Group.uasset" 882
"C:/Development/VirtualAcres/Content/PolygonFarm/Meshes/Plants/SM_Prop_Pear_01.uasset" 883
"C:/Development/VirtualAcres/Content/PolygonFarm/Meshes/Plants/SM_Prop_Peach_01_Group.uasset" 884
"C:/Development/VirtualAcres/Content/PolygonFarm/Meshes/Plants/SM_Prop_Peach_01.uasset" 885
"C:/Development/VirtualAcres/Content/PolygonFarm/Meshes/Plants/SM_Prop_Onion_01_Group.uasset" 886
"C:/Development/VirtualAcres/Content/PolygonFarm/Meshes/Plants/SM_Prop_Onion_01.uasset" 887
"C:/Development/VirtualAcres/Content/PolygonFarm/Meshes/Plants/SM_Prop_Lettuce_01_S.uasset" 888
"C:/Development/VirtualAcres/Content/PolygonFarm/Meshes/Plants/SM_Prop_Lettuce_01_M.uasset" 889
"C:/Development/VirtualAcres/Content/PolygonFarm/Meshes/Plants/SM_Prop_Lettuce_01_L.uasset" 890
"C:/Development/VirtualAcres/Content/PolygonFarm/Meshes/Plants/SM_Prop_Lemon_01_Group.uasset" 891
"C:/Development/VirtualAcres/Content/PolygonFarm/Meshes/Plants/SM_Prop_Lemon_01.uasset" 892
"C:/Development/VirtualAcres/Content/PolygonFarm/Meshes/Plants/SM_Prop_Eggplant_01_S.uasset" 893
"C:/Development/VirtualAcres/Content/PolygonFarm/Meshes/Plants/SM_Prop_Eggplant_01_M.uasset" 894
"C:/Development/VirtualAcres/Content/PolygonFarm/Meshes/Plants/SM_Prop_Eggplant_01_L.uasset" 895
"C:/Development/VirtualAcres/Content/PolygonFarm/Meshes/Plants/SM_Prop_Eggplant_01_Group.uasset" 896
"C:/Development/VirtualAcres/Content/PolygonFarm/Meshes/Plants/SM_Prop_Eggplant_01.uasset" 897
"C:/Development/VirtualAcres/Content/PolygonFarm/Meshes/Plants/SM_Prop_Cucumber_01_S.uasset" 898
"C:/Development/VirtualAcres/Content/PolygonFarm/Meshes/Characters/SM_Chr_Attach_Glasses_01.uasset" 899
"C:/Development/VirtualAcres/Content/PolygonFarm/Meshes/Characters/SM_Chr_Attach_CowboyHat_02.uasset" 900
"C:/Development/VirtualAcres/Content/PolygonFarm/Meshes/Characters/SM_Chr_Attach_CowboyHat_01.uasset" 901
"C:/Development/VirtualAcres/Content/PolygonFarm/Meshes/Characters/SM_Chr_Attach_Cap_02.uasset" 902
"C:/Development/VirtualAcres/Content/PolygonFarm/Meshes/Characters/SM_Chr_Attach_Cap_01.uasset" 903
"C:/Development/VirtualAcres/Content/PolygonFarm/Meshes/Characters/SM_Chr_Attach_Buckethat_01.uasset" 904
"C:/Development/VirtualAcres/Content/PolygonFarm/Meshes/Characters/SK_Chr_Scarecrow_01.uasset" 905
"C:/Development/VirtualAcres/Content/PolygonFarm/Meshes/Characters/SK_Chr_FarmGirl_01.uasset" 906
"C:/Development/VirtualAcres/Content/PolygonFarm/Meshes/Characters/SK_Chr_Farmer_Male_Old_01.uasset" 907
"C:/Development/VirtualAcres/Content/PolygonFarm/Meshes/Characters/SK_Chr_Farmer_Female_01.uasset" 908
"C:/Development/VirtualAcres/Content/PolygonFarm/Meshes/Characters/SK_Chr_FarmBoy_01.uasset" 909
"C:/Development/VirtualAcres/Content/PolygonFarm/Meshes/Buildings/SM_Bld_Silo_Base_01.uasset" 910
"../../../Engine/Content/BasicShapes/Cube.uasset" 911
"C:/Development/VirtualAcres/Content/PolygonFarm/Materials/Misc/Mat_PolygonFarm_Blank_Grey.uasset" 912
"C:/Development/VirtualAcres/Content/PolygonFarm/Meshes/Buildings/SM_Bld_Silo_02.uasset" 913
"C:/Development/VirtualAcres/Content/PolygonFarm/Maps/Overview_BuiltData.uasset" 914
"C:/Development/VirtualAcres/Content/PolygonFarm/Meshes/Plants/SM_Prop_Cucumber_01_M.uasset" 915
"C:/Development/VirtualAcres/Content/PolygonFarm/Meshes/Plants/SM_Prop_Cucumber_01_L.uasset" 916
"C:/Development/VirtualAcres/Content/PolygonFarm/Meshes/Plants/SM_Prop_Cucumber_01_Group.uasset" 917
"C:/Development/VirtualAcres/Content/PolygonFarm/Meshes/Plants/SM_Prop_Cucumber_01.uasset" 918
"C:/Development/VirtualAcres/Content/PolygonFarm/Meshes/Plants/SM_Prop_Corn_02.uasset" 919
"C:/Development/VirtualAcres/Content/PolygonFarm/Meshes/Plants/SM_Prop_Corn_01.uasset" 920
"C:/Development/VirtualAcres/Content/PolygonFarm/Meshes/Plants/SM_Prop_Chilli_01_S.uasset" 921
"C:/Development/VirtualAcres/Content/PolygonFarm/Meshes/Plants/SM_Prop_Chilli_01_M.uasset" 922
"C:/Development/VirtualAcres/Content/PolygonFarm/Meshes/Plants/SM_Prop_Chilli_01_L.uasset" 923
"C:/Development/VirtualAcres/Content/PolygonFarm/Meshes/Plants/SM_Prop_Chilli_01_Group.uasset" 924
"C:/Development/VirtualAcres/Content/PolygonFarm/Meshes/Plants/SM_Prop_Chilli_01.uasset" 925
"C:/Development/VirtualAcres/Content/PolygonFarm/Meshes/Plants/SM_Prop_Carrot_01_S.uasset" 926
"C:/Development/VirtualAcres/Content/PolygonFarm/Meshes/Plants/SM_Prop_Carrot_01_M.uasset" 927
"C:/Development/VirtualAcres/Content/PolygonFarm/Meshes/Plants/SM_Prop_Carrot_01.uasset" 928
"C:/Development/VirtualAcres/Content/PolygonFarm/Meshes/Plants/SM_Prop_Cabbage_01_S.uasset" 929
"C:/Development/VirtualAcres/Content/PolygonFarm/Meshes/Plants/SM_Prop_Broccoli_01_S.uasset" 930
"C:/Development/VirtualAcres/Content/PolygonFarm/Meshes/Plants/SM_Prop_Box_Cucumber_01.uasset" 931
"C:/Development/VirtualAcres/Content/PolygonFarm/Meshes/Plants/SM_Prop_Box_Apple_02.uasset" 932
"C:/Development/VirtualAcres/Content/PolygonFarm/Meshes/Plants/SM_Prop_Beetroot_01_S.uasset" 933
"C:/Development/VirtualAcres/Content/PolygonFarm/Meshes/Plants/SM_Prop_Beetroot_01_M.uasset" 934
"C:/Development/VirtualAcres/Content/PolygonFarm/Meshes/Plants/SM_Prop_Beetroot_01_L.uasset" 935
"C:/Development/VirtualAcres/Content/PolygonFarm/Meshes/Plants/SM_Prop_Beetroot_01_Group.uasset" 936
"C:/Development/VirtualAcres/Content/PolygonFarm/Meshes/Plants/SM_Prop_Beetroot_01.uasset" 937
"C:/Development/VirtualAcres/Content/PolygonFarm/Meshes/Plants/SM_Prop_Bean_01_S.uasset" 938
"C:/Development/VirtualAcres/Content/PolygonFarm/Meshes/Plants/SM_Prop_Bean_01_M.uasset" 939
"C:/Development/VirtualAcres/Content/PolygonFarm/Meshes/Plants/SM_Prop_Bean_01_L.uasset" 940
"C:/Development/VirtualAcres/Content/PolygonFarm/Meshes/Plants/SM_Prop_Bean_01_Group.uasset" 941
"C:/Development/VirtualAcres/Content/PolygonFarm/Meshes/Plants/SM_Prop_Banana_01_M.uasset" 942
"C:/Development/VirtualAcres/Content/PolygonFarm/Meshes/Plants/SM_Prop_Banana_01_L.uasset" 943
"C:/Development/VirtualAcres/Content/PolygonFarm/Meshes/Plants/SM_Prop_Banana_01_Group.uasset" 944
"C:/Development/VirtualAcres/Content/PolygonFarm/Meshes/Plants/SM_Prop_Banana_01.uasset" 945
"C:/Development/VirtualAcres/Content/PolygonFarm/Meshes/Plants/SM_Prop_Asparagus_01_Single.uasset" 946
"C:/Development/VirtualAcres/Content/PolygonFarm/Meshes/Plants/SM_Prop_Asparagus_01_S.uasset" 947
"C:/Development/VirtualAcres/Content/PolygonFarm/Meshes/Plants/SM_Prop_Asparagus_01_M.uasset" 948
"C:/Development/VirtualAcres/Content/PolygonFarm/Meshes/Plants/SM_Prop_Asparagus_01.uasset" 949
"C:/Development/VirtualAcres/Content/PolygonFarm/Meshes/Plants/SM_Prop_Apricot_01_Group.uasset" 950
"C:/Development/VirtualAcres/Content/PolygonFarm/Meshes/Plants/SM_Prop_Apricot_01.uasset" 951
"C:/Development/VirtualAcres/Content/PolygonFarm/Meshes/Plants/SM_Prop_Apple_01_Group.uasset" 952
"C:/Development/VirtualAcres/Content/PolygonFarm/Meshes/Plants/SM_Prop_Apple_01.uasset" 953
"C:/Development/VirtualAcres/Content/PolygonFarm/Meshes/Generic/SM_Generic_TreeDead_01.uasset" 954
"C:/Development/VirtualAcres/Content/PolygonFarm/Meshes/Generic/SM_Generic_Tree_04.uasset" 955
"C:/Development/VirtualAcres/Content/PolygonFarm/Meshes/Generic/SM_Generic_Tree_03.uasset" 956
"C:/Development/VirtualAcres/Content/PolygonFarm/Meshes/Generic/SM_Generic_Tree_02.uasset" 957
"C:/Development/VirtualAcres/Content/PolygonFarm/Meshes/Generic/SM_Generic_Tree_01.uasset" 958
"C:/Development/VirtualAcres/Content/PolygonFarm/Meshes/Generic/SM_Generic_Small_Rocks_05.uasset" 959
"C:/Development/VirtualAcres/Content/PolygonFarm/Meshes/Generic/SM_Generic_Small_Rocks_04.uasset" 960
"C:/Development/VirtualAcres/Content/PolygonFarm/Meshes/Generic/SM_Generic_Small_Rocks_03.uasset" 961
"C:/Development/VirtualAcres/Content/PolygonFarm/Meshes/Generic/SM_Generic_Small_Rocks_02.uasset" 962
"C:/Development/VirtualAcres/Content/PolygonFarm/Meshes/Generic/SM_Generic_Small_Rocks_01.uasset" 963
"C:/Development/VirtualAcres/Content/PolygonFarm/Meshes/Generic/SM_Generic_Ocean_Tile_Flat_01.uasset" 964
"C:/Development/VirtualAcres/Content/PolygonFarm/Meshes/Generic/SM_Generic_Mountains_Soft_01.uasset" 965
"C:/Development/VirtualAcres/Content/PolygonFarm/Meshes/Generic/SM_Generic_Mountains_Snow_01.uasset" 966
"C:/Development/VirtualAcres/Content/PolygonFarm/Meshes/Generic/SM_Generic_Mountains_Grass_02.uasset" 967
"C:/Development/VirtualAcres/Content/PolygonFarm/Meshes/Generic/SM_Generic_Mountains_Grass_01.uasset" 968
"C:/Development/VirtualAcres/Content/PolygonFarm/Meshes/Generic/SM_Generic_Ground_Tile_01.uasset" 969
"C:/Development/VirtualAcres/Content/PolygonFarm/Meshes/Generic/SM_Generic_Ground_Hill_01.uasset" 970
"C:/Development/VirtualAcres/Content/PolygonFarm/Meshes/Generic/SM_Generic_Ground_04.uasset" 971
"C:/Development/VirtualAcres/Content/PolygonFarm/Meshes/Generic/SM_Generic_Ground_03.uasset" 972
"C:/Development/VirtualAcres/Content/PolygonFarm/Meshes/Generic/SM_Generic_Ground_02.uasset" 973
"C:/Development/VirtualAcres/Content/PolygonFarm/Meshes/Generic/SM_Generic_Cloud_05.uasset" 974
"C:/Development/VirtualAcres/Content/PolygonFarm/Meshes/Generic/SM_Generic_Cloud_04.uasset" 975
"C:/Development/VirtualAcres/Content/PolygonFarm/Meshes/Environments/SM_Env_Tree_Stump_03.uasset" 976
"C:/Development/VirtualAcres/Content/PolygonFarm/Meshes/Environments/SM_Env_Tree_Stump_02.uasset" 977
"C:/Development/VirtualAcres/Content/PolygonFarm/Meshes/Environments/SM_Env_Tree_Stump_01.uasset" 978
"C:/Development/VirtualAcres/Content/PolygonFarm/Meshes/Environments/SM_Env_Road_Pebbles_02.uasset" 979
"C:/Development/VirtualAcres/Content/PolygonFarm/Meshes/Environments/SM_Env_Road_Gravel_Intersection_01.uasset" 980
"C:/Development/VirtualAcres/Content/PolygonFarm/Meshes/Environments/SM_Env_Road_Gravel_End_02.uasset" 981
"C:/Development/VirtualAcres/Content/PolygonFarm/Meshes/Environments/SM_Env_Road_Gravel_End_01.uasset" 982
"C:/Development/VirtualAcres/Content/PolygonFarm/Meshes/Environments/SM_Env_Road_Gravel_Corner_02.uasset" 983
"C:/Development/VirtualAcres/Content/PolygonFarm/Meshes/Environments/SM_Env_Road_Gravel_Corner_01.uasset" 984
"C:/Development/VirtualAcres/Content/PolygonFarm/Meshes/Environments/SM_Env_Road_Dirt_T_Section_01.uasset" 985
"C:/Development/VirtualAcres/Content/PolygonFarm/Meshes/Environments/SM_Env_Road_Dirt_Swerve_02.uasset" 986
"C:/Development/VirtualAcres/Content/PolygonFarm/Meshes/Environments/SM_Env_Road_Dirt_Swerve_01.uasset" 987
"C:/Development/VirtualAcres/Content/PolygonFarm/Meshes/Environments/SM_Env_Road_Dirt_Intersection_01.uasset" 988
"C:/Development/VirtualAcres/Content/PolygonFarm/Meshes/Environments/SM_Env_Road_Dirt_End_01.uasset" 989
"C:/Development/VirtualAcres/Content/PolygonFarm/Meshes/Environments/SM_Env_Road_Dirt_Corner_01.uasset" 990
"C:/Development/VirtualAcres/Content/PolygonFarm/Meshes/Environments/SM_Env_Dirt_Rows_Skirt_01.uasset" 991
"C:/Development/VirtualAcres/Content/PolygonFarm/Meshes/Environments/SM_Env_Dirt_Rows_Mounds_01.uasset" 992
"C:/Development/VirtualAcres/Content/PolygonFarm/Meshes/Environments/SM_Env_Dirt_Rows_01.uasset" 993
"C:/Development/VirtualAcres/Content/PolygonFarm/Meshes/Environments/SM_Env_Dirt_Mound_01.uasset" 994
"C:/Development/VirtualAcres/Content/PolygonFarm/Meshes/Environments/SM_Env_Dirt_01.uasset" 995
"C:/Development/VirtualAcres/Content/PolygonFarm/Meshes/Characters/SM_Chr_Attach_Wheat_01.uasset" 996
"C:/Development/VirtualAcres/Content/PolygonFarm/Meshes/Characters/SM_Chr_Attach_ScarecrowHat_01.uasset" 997
"C:/Development/VirtualAcres/Content/PolygonFarm/Meshes/FX/FX_Wheat_Location_Skeleton.uasset" 998
"C:/Development/VirtualAcres/Content/PolygonFarm/Meshes/FX/FX_Wheat_Location.uasset" 999
"C:/Development/VirtualAcres/Content/PolygonFarm/FX/FX_Wheat_Collection.uasset" 1000
"C:/Development/VirtualAcres/Content/PolygonFarm/FX/FX_Vehicle_Dust.uasset" 1001
"C:/Development/VirtualAcres/Content/PolygonFarm/FX/FX_Rain.uasset" 1002
"C:/Development/VirtualAcres/Content/PolygonFarm/FX/FX_Fire.uasset" 1003
"C:/Development/VirtualAcres/Content/PolygonFarm/Maps/Overview.umap" 1004
"C:/Development/VirtualAcres/Content/_Blueprints/Vehicles/Tractor.uasset" 1005
"C:/Development/VirtualAcres/Content/_Levels/StarterFarm.umap" 1006
"../../../Engine/Content/Maps/Entry_BuiltData.uasset" 1007
"../../../Engine/Content/Maps/Entry.umap" 1008
